2021-03-25 08:55:45 -Starting BootdoApplication on LAPTOP-H60NF39N with PID 9220 (E:\java\workspace\bootdo\target\classes started by admin in E:\java\workspace\bootdo)
2021-03-25 08:55:45 -Running with Spring Boot v2.0.3.RELEASE, Spring v5.0.7.RELEASE
2021-03-25 08:55:45 -The following profiles are active: dev
2021-03-25 08:55:45 -Refreshing org.springframework.boot.web.servlet.context.AnnotationConfigServletWebServerApplicationContext@4a335fa8: startup date [Thu Mar 25 08:55:45 CST 2021]; root of context hierarchy
2021-03-25 08:55:46 -Multiple Spring Data modules found, entering strict repository configuration mode!
2021-03-25 08:55:46 -Bean 'org.springframework.transaction.annotation.ProxyTransactionManagementConfiguration' of type [org.springframework.transaction.annotation.ProxyTransactionManagementConfiguration$$EnhancerBySpringCGLIB$$58645345] is not eligible for getting processed by all BeanPostProcessors (for example: not eligible for auto-proxying)
2021-03-25 08:55:46 -Bean 'shiroConfig' of type [com.bootdo.system.config.ShiroConfig$$EnhancerBySpringCGLIB$$4abd81ec] is not eligible for getting processed by all BeanPostProcessors (for example: not eligible for auto-proxying)
2021-03-25 08:55:47 -Bean 'userRealm' of type [com.bootdo.system.shiro.UserRealm] is not eligible for getting processed by all BeanPostProcessors (for example: not eligible for auto-proxying)
2021-03-25 08:55:47 -Bean 'cacheManager2' of type [net.sf.ehcache.CacheManager] is not eligible for getting processed by all BeanPostProcessors (for example: not eligible for auto-proxying)
2021-03-25 08:55:47 -Bean 'ehCacheManager' of type [org.apache.shiro.cache.ehcache.EhCacheManager] is not eligible for getting processed by all BeanPostProcessors (for example: not eligible for auto-proxying)
2021-03-25 08:55:47 -Cache with name 'com.bootdo.system.shiro.UserRealm.authorizationCache' does not yet exist.  Creating now.
2021-03-25 08:55:47 -Added EhCache named [com.bootdo.system.shiro.UserRealm.authorizationCache]
2021-03-25 08:55:47 -Bean 'sessionDAO' of type [org.apache.shiro.session.mgt.eis.MemorySessionDAO] is not eligible for getting processed by all BeanPostProcessors (for example: not eligible for auto-proxying)
2021-03-25 08:55:47 -Bean 'sessionManager' of type [org.apache.shiro.web.session.mgt.DefaultWebSessionManager] is not eligible for getting processed by all BeanPostProcessors (for example: not eligible for auto-proxying)
2021-03-25 08:55:47 -Bean 'securityManager' of type [org.apache.shiro.web.mgt.DefaultWebSecurityManager] is not eligible for getting processed by all BeanPostProcessors (for example: not eligible for auto-proxying)
2021-03-25 08:55:47 -Bean 'authorizationAttributeSourceAdvisor' of type [org.apache.shiro.spring.security.interceptor.AuthorizationAttributeSourceAdvisor] is not eligible for getting processed by all BeanPostProcessors (for example: not eligible for auto-proxying)
2021-03-25 08:55:47 -Tomcat initialized with port(s): 8088 (http)
2021-03-25 08:55:47 -Initializing ProtocolHandler ["http-nio-8088"]
2021-03-25 08:55:47 -Starting service [Tomcat]
2021-03-25 08:55:47 -Starting Servlet Engine: Apache Tomcat/8.5.31
2021-03-25 08:55:47 -The APR based Apache Tomcat Native library which allows optimal performance in production environments was not found on the java.library.path: [C:\Program Files\Java\jdk1.8.0_161\bin;C:\Windows\Sun\Java\bin;C:\Windows\system32;C:\Windows;C:\ProgramData\Oracle\Java\javapath;C:\Windows\system32;C:\Windows;C:\Windows\System32\Wbem;C:\Windows\System32\WindowsPowerShell\v1.0\;C:\Windows\System32\OpenSSH\;C:\Program Files (x86)\NVIDIA Corporation\PhysX\Common;C:\Program Files\NVIDIA Corporation\NVIDIA NvDLISR;C:\Program Files (x86)\Microsoft SQL Server\90\Tools\binn\;C:\Program Files (x86)\Microsoft SQL Server\100\Tools\Binn\;C:\Program Files\Microsoft SQL Server\100\Tools\Binn\;C:\Program Files\Microsoft SQL Server\100\DTS\Binn\;C:\Program Files (x86)\Microsoft SQL Server\100\Tools\Binn\VSShell\Common7\IDE\;C:\Program Files (x86)\Microsoft Visual Studio 9.0\Common7\IDE\PrivateAssemblies\;C:\Program Files (x86)\Microsoft SQL Server\100\DTS\Binn\;C:\Program Files (x86)\MySQL\MySQL Fabric 1.5 & MySQL Utilities 1.5\;C:\Program Files (x86)\MySQL\MySQL Fabric 1.5 & MySQL Utilities 1.5\Doctrine extensions for PHP\;D:\Program Files\Git\cmd;"C:\Program Files\Java\jdk1.8.0_161\bin;C:\Program Files\Java\jdk1.8.0_161\jre\bin;";C:\Program Files\nodejs\;C:\Users\admin\AppData\Local\Microsoft\WindowsApps;D:\Program Files\IntelliJ IDEA 2018.3.6\bin;;D:\Program Files\WebStorm 2018.3.6\bin;;C:\Users\admin\AppData\Roaming\npm;.]
2021-03-25 08:55:47 -Initializing Spring embedded WebApplicationContext
2021-03-25 08:55:47 -Root WebApplicationContext: initialization completed in 2596 ms
2021-03-25 08:55:48 -Mapping filter: 'characterEncodingFilter' to: [/*]
2021-03-25 08:55:48 -Mapping filter: 'hiddenHttpMethodFilter' to: [/*]
2021-03-25 08:55:48 -Mapping filter: 'httpPutFormContentFilter' to: [/*]
2021-03-25 08:55:48 -Mapping filter: 'requestContextFilter' to: [/*]
2021-03-25 08:55:48 -Filter xssFilter was not registered (disabled)
2021-03-25 08:55:48 -Mapping filter: 'webStatFilter' to urls: [/*]
2021-03-25 08:55:48 -Mapping filter: 'shiroFilterFactoryBean' to: [/*]
2021-03-25 08:55:48 -Servlet statViewServlet mapped to [/druid/*]
2021-03-25 08:55:48 -Servlet dispatcherServlet mapped to [/]
2021-03-25 08:55:48 -{dataSource-1} inited
2021-03-25 08:55:48 -ProcessEngine default created
2021-03-25 08:55:49 -ApplicationContext registed-->org.springframework.boot.web.servlet.context.AnnotationConfigServletWebServerApplicationContext@4a335fa8: startup date [Thu Mar 25 08:55:45 CST 2021]; root of context hierarchy
2021-03-25 08:55:49 -Using default implementation for ThreadExecutor
2021-03-25 08:55:49 -Initialized Scheduler Signaller of type: class org.quartz.core.SchedulerSignalerImpl
2021-03-25 08:55:49 -Quartz Scheduler v.2.2.1 created.
2021-03-25 08:55:49 -RAMJobStore initialized.
2021-03-25 08:55:49 -Scheduler meta-data: Quartz Scheduler (v2.2.1) 'schedulerFactoryBean' with instanceId 'NON_CLUSTERED'
  Scheduler class: 'org.quartz.core.QuartzScheduler' - running locally.
  NOT STARTED.
  Currently in standby mode.
  Number of jobs executed: 0
  Using thread pool 'org.quartz.simpl.SimpleThreadPool' - with 10 threads.
  Using job-store 'org.quartz.simpl.RAMJobStore' - which does not support persistence. and is not clustered.

2021-03-25 08:55:49 -Quartz scheduler 'schedulerFactoryBean' initialized from an externally provided properties instance.
2021-03-25 08:55:49 -Quartz scheduler version: 2.2.1
2021-03-25 08:55:49 -JobFactory set to: com.bootdo.common.quartz.factory.JobFactory@17e2835c
2021-03-25 08:55:49 -Initializing ExecutorService  'clientInboundChannelExecutor'
2021-03-25 08:55:49 -Initializing ExecutorService  'clientOutboundChannelExecutor'
2021-03-25 08:55:50 -Mapped "{[/activiti/model/{id}],methods=[DELETE]}" onto public com.bootdo.common.utils.R com.bootdo.activiti.controller.ModelController.remove(java.lang.String)
2021-03-25 08:55:50 -Mapped "{[/activiti/model/list],methods=[GET]}" onto com.bootdo.common.utils.PageUtils com.bootdo.activiti.controller.ModelController.list(int,int)
2021-03-25 08:55:50 -Mapped "{[/activiti/model/batchRemove],methods=[POST]}" onto public com.bootdo.common.utils.R com.bootdo.activiti.controller.ModelController.batchRemove(java.lang.String[])
2021-03-25 08:55:50 -Mapped "{[/activiti/model],methods=[GET]}" onto org.springframework.web.servlet.ModelAndView com.bootdo.activiti.controller.ModelController.model()
2021-03-25 08:55:50 -Mapped "{[/activiti/model/edit/{id}],methods=[GET]}" onto public void com.bootdo.activiti.controller.ModelController.edit(javax.servlet.http.HttpServletResponse,java.lang.String)
2021-03-25 08:55:50 -Mapped "{[/activiti/model/{modelId}/json],methods=[GET]}" onto public com.fasterxml.jackson.databind.node.ObjectNode com.bootdo.activiti.controller.ModelController.getEditorJson(java.lang.String)
2021-03-25 08:55:50 -Mapped "{[/activiti/editor/stencilset],methods=[GET],produces=[application/json;charset=utf-8]}" onto public java.lang.String com.bootdo.activiti.controller.ModelController.getStencilset()
2021-03-25 08:55:50 -Mapped "{[/activiti/model/deploy/{id}],methods=[POST]}" onto public com.bootdo.common.utils.R com.bootdo.activiti.controller.ModelController.deploy(java.lang.String) throws java.lang.Exception
2021-03-25 08:55:50 -Mapped "{[/activiti/model/{modelId}/save],methods=[PUT]}" onto public void com.bootdo.activiti.controller.ModelController.saveModel(java.lang.String,java.lang.String,java.lang.String,java.lang.String,java.lang.String)
2021-03-25 08:55:50 -Mapped "{[/activiti/model/add]}" onto public void com.bootdo.activiti.controller.ModelController.newModel(javax.servlet.http.HttpServletResponse) throws java.io.UnsupportedEncodingException
2021-03-25 08:55:50 -Mapped "{[/activiti/model/export/{id}],methods=[GET]}" onto public void com.bootdo.activiti.controller.ModelController.exportToXml(java.lang.String,javax.servlet.http.HttpServletResponse)
2021-03-25 08:55:50 -Mapped "{[/activiti/process/add],methods=[GET]}" onto public org.springframework.web.servlet.ModelAndView com.bootdo.activiti.controller.ProcessController.add()
2021-03-25 08:55:50 -Mapped "{[/activiti/process/remove],methods=[POST]}" onto public com.bootdo.common.utils.R com.bootdo.activiti.controller.ProcessController.remove(java.lang.String)
2021-03-25 08:55:50 -Mapped "{[/activiti/process/list],methods=[GET]}" onto com.bootdo.common.utils.PageUtils com.bootdo.activiti.controller.ProcessController.list(int,int)
2021-03-25 08:55:50 -Mapped "{[/activiti/process/batchRemove],methods=[POST]}" onto public com.bootdo.common.utils.R com.bootdo.activiti.controller.ProcessController.batchRemove(java.lang.String[])
2021-03-25 08:55:50 -Mapped "{[/activiti/process],methods=[GET]}" onto org.springframework.web.servlet.ModelAndView com.bootdo.activiti.controller.ProcessController.process()
2021-03-25 08:55:50 -Mapped "{[/activiti/process/save],methods=[POST]}" onto public com.bootdo.common.utils.R com.bootdo.activiti.controller.ProcessController.deploy(java.lang.String,java.lang.String,org.springframework.web.multipart.MultipartFile)
2021-03-25 08:55:50 -Mapped "{[/activiti/process/resource/read/{xml}/{id}]}" onto public void com.bootdo.activiti.controller.ProcessController.resourceRead(java.lang.String,java.lang.String,javax.servlet.http.HttpServletResponse) throws java.lang.Exception
2021-03-25 08:55:50 -Mapped "{[/activiti/process/convertToModel/{procDefId}]}" onto public com.bootdo.common.utils.R com.bootdo.activiti.controller.ProcessController.convertToModel(java.lang.String,org.springframework.web.servlet.mvc.support.RedirectAttributes) throws java.io.UnsupportedEncodingException,javax.xml.stream.XMLStreamException
2021-03-25 08:55:50 -Mapped "{[/act/salary/form],methods=[GET]}" onto java.lang.String com.bootdo.activiti.controller.SalaryController.add()
2021-03-25 08:55:50 -Mapped "{[/act/salary/remove],methods=[POST]}" onto public com.bootdo.common.utils.R com.bootdo.activiti.controller.SalaryController.remove(java.lang.String)
2021-03-25 08:55:50 -Mapped "{[/act/salary/batchRemove],methods=[POST]}" onto public com.bootdo.common.utils.R com.bootdo.activiti.controller.SalaryController.remove(java.lang.String[])
2021-03-25 08:55:50 -Mapped "{[/act/salary/update]}" onto public com.bootdo.common.utils.R com.bootdo.activiti.controller.SalaryController.update(com.bootdo.activiti.domain.SalaryDO)
2021-03-25 08:55:50 -Mapped "{[/act/salary/list],methods=[GET]}" onto public com.bootdo.common.utils.PageUtils com.bootdo.activiti.controller.SalaryController.list(java.util.Map<java.lang.String, java.lang.Object>)
2021-03-25 08:55:50 -Mapped "{[/act/salary/form/{taskId}],methods=[GET]}" onto java.lang.String com.bootdo.activiti.controller.SalaryController.edit(java.lang.String,org.springframework.ui.Model)
2021-03-25 08:55:50 -Mapped "{[/act/salary/save],methods=[POST]}" onto public com.bootdo.common.utils.R com.bootdo.activiti.controller.SalaryController.saveOrUpdate(com.bootdo.activiti.domain.SalaryDO)
2021-03-25 08:55:50 -Mapped "{[/act/salary],methods=[GET]}" onto java.lang.String com.bootdo.activiti.controller.SalaryController.Salary()
2021-03-25 08:55:50 -Mapped "{[/activiti/task/form/{procDefId}/{taskId}],methods=[GET]}" onto public void com.bootdo.activiti.controller.TaskController.form(java.lang.String,java.lang.String,javax.servlet.http.HttpServletResponse) throws java.io.IOException
2021-03-25 08:55:50 -Mapped "{[/activiti/task/gotoList],methods=[GET]}" onto com.bootdo.common.utils.PageUtils com.bootdo.activiti.controller.TaskController.list(int,int)
2021-03-25 08:55:50 -Mapped "{[/activiti/task/todo],methods=[GET]}" onto org.springframework.web.servlet.ModelAndView com.bootdo.activiti.controller.TaskController.todo()
2021-03-25 08:55:50 -Mapped "{[/activiti/task/form/{procDefId}],methods=[GET]}" onto public void com.bootdo.activiti.controller.TaskController.startForm(java.lang.String,javax.servlet.http.HttpServletResponse) throws java.io.IOException
2021-03-25 08:55:50 -Mapped "{[/activiti/task/trace/photo/{procDefId}/{execId}]}" onto public void com.bootdo.activiti.controller.TaskController.tracePhoto(java.lang.String,java.lang.String,javax.servlet.http.HttpServletResponse) throws java.lang.Exception
2021-03-25 08:55:50 -Mapped "{[/activiti/task/todoList],methods=[GET]}" onto java.util.List<com.bootdo.activiti.vo.TaskVO> com.bootdo.activiti.controller.TaskController.todoList()
2021-03-25 08:55:50 -Mapped "{[/activiti/task/goto],methods=[GET]}" onto public org.springframework.web.servlet.ModelAndView com.bootdo.activiti.controller.TaskController.gotoTask()
2021-03-25 08:55:50 -Mapped "{[/blog/open/page/{categories}],methods=[GET]}" onto java.lang.String com.bootdo.blog.controller.BlogController.about(java.lang.String,org.springframework.ui.Model)
2021-03-25 08:55:50 -Mapped "{[/blog/open/list],methods=[GET]}" onto public com.bootdo.common.utils.PageUtils com.bootdo.blog.controller.BlogController.opentList(java.util.Map<java.lang.String, java.lang.Object>)
2021-03-25 08:55:50 -Mapped "{[/blog],methods=[GET]}" onto java.lang.String com.bootdo.blog.controller.BlogController.blog()
2021-03-25 08:55:50 -Mapped "{[/blog/open/post/{cid}],methods=[GET]}" onto java.lang.String com.bootdo.blog.controller.BlogController.post(java.lang.Long,org.springframework.ui.Model)
2021-03-25 08:55:50 -Mapped "{[/blog/bContent/add],methods=[GET]}" onto java.lang.String com.bootdo.blog.controller.ContentController.add()
2021-03-25 08:55:50 -Mapped "{[/blog/bContent/remove],methods=[POST]}" onto public com.bootdo.common.utils.R com.bootdo.blog.controller.ContentController.remove(java.lang.Long)
2021-03-25 08:55:50 -Mapped "{[/blog/bContent/batchRemove],methods=[POST]}" onto public com.bootdo.common.utils.R com.bootdo.blog.controller.ContentController.remove(java.lang.Long[])
2021-03-25 08:55:50 -Mapped "{[/blog/bContent/update]}" onto public com.bootdo.common.utils.R com.bootdo.blog.controller.ContentController.update(com.bootdo.blog.domain.ContentDO)
2021-03-25 08:55:50 -Mapped "{[/blog/bContent/list],methods=[GET]}" onto public com.bootdo.common.utils.PageUtils com.bootdo.blog.controller.ContentController.list(java.util.Map<java.lang.String, java.lang.Object>)
2021-03-25 08:55:50 -Mapped "{[/blog/bContent/save],methods=[POST]}" onto public com.bootdo.common.utils.R com.bootdo.blog.controller.ContentController.save(com.bootdo.blog.domain.ContentDO)
2021-03-25 08:55:50 -Mapped "{[/blog/bContent/edit/{cid}],methods=[GET]}" onto java.lang.String com.bootdo.blog.controller.ContentController.edit(java.lang.Long,org.springframework.ui.Model)
2021-03-25 08:55:50 -Mapped "{[/blog/bContent],methods=[GET]}" onto java.lang.String com.bootdo.blog.controller.ContentController.bContent()
2021-03-25 08:55:50 -Mapped "{[/common/dict/add],methods=[GET]}" onto java.lang.String com.bootdo.common.controller.DictController.add()
2021-03-25 08:55:50 -Mapped "{[/common/dict/remove],methods=[POST]}" onto public com.bootdo.common.utils.R com.bootdo.common.controller.DictController.remove(java.lang.Long)
2021-03-25 08:55:50 -Mapped "{[/common/dict/batchRemove],methods=[POST]}" onto public com.bootdo.common.utils.R com.bootdo.common.controller.DictController.remove(java.lang.Long[])
2021-03-25 08:55:50 -Mapped "{[/common/dict/update]}" onto public com.bootdo.common.utils.R com.bootdo.common.controller.DictController.update(com.bootdo.common.domain.DictDO)
2021-03-25 08:55:50 -Mapped "{[/common/dict/list],methods=[GET]}" onto public com.bootdo.common.utils.PageUtils com.bootdo.common.controller.DictController.list(java.util.Map<java.lang.String, java.lang.Object>)
2021-03-25 08:55:50 -Mapped "{[/common/dict/save],methods=[POST]}" onto public com.bootdo.common.utils.R com.bootdo.common.controller.DictController.save(com.bootdo.common.domain.DictDO)
2021-03-25 08:55:50 -Mapped "{[/common/dict/type],methods=[GET]}" onto public java.util.List<com.bootdo.common.domain.DictDO> com.bootdo.common.controller.DictController.listType()
2021-03-25 08:55:50 -Mapped "{[/common/dict/edit/{id}],methods=[GET]}" onto java.lang.String com.bootdo.common.controller.DictController.edit(java.lang.Long,org.springframework.ui.Model)
2021-03-25 08:55:50 -Mapped "{[/common/dict/list/{type}],methods=[GET]}" onto public java.util.List<com.bootdo.common.domain.DictDO> com.bootdo.common.controller.DictController.listByType(java.lang.String)
2021-03-25 08:55:50 -Mapped "{[/common/dict],methods=[GET]}" onto java.lang.String com.bootdo.common.controller.DictController.dict()
2021-03-25 08:55:50 -Mapped "{[/common/dict/add/{type}/{description}],methods=[GET]}" onto java.lang.String com.bootdo.common.controller.DictController.addD(org.springframework.ui.Model,java.lang.String,java.lang.String)
2021-03-25 08:55:50 -Mapped "{[/common/sysFile/add],methods=[GET]}" onto java.lang.String com.bootdo.common.controller.FileController.add()
2021-03-25 08:55:50 -Mapped "{[/common/sysFile/remove],methods=[POST]}" onto public com.bootdo.common.utils.R com.bootdo.common.controller.FileController.remove(java.lang.Long,javax.servlet.http.HttpServletRequest)
2021-03-25 08:55:50 -Mapped "{[/common/sysFile/batchRemove],methods=[POST]}" onto public com.bootdo.common.utils.R com.bootdo.common.controller.FileController.remove(java.lang.Long[])
2021-03-25 08:55:50 -Mapped "{[/common/sysFile/update]}" onto public com.bootdo.common.utils.R com.bootdo.common.controller.FileController.update(com.bootdo.common.domain.FileDO)
2021-03-25 08:55:50 -Mapped "{[/common/sysFile/list],methods=[GET]}" onto public com.bootdo.common.utils.PageUtils com.bootdo.common.controller.FileController.list(java.util.Map<java.lang.String, java.lang.Object>)
2021-03-25 08:55:50 -Mapped "{[/common/sysFile/save],methods=[POST]}" onto public com.bootdo.common.utils.R com.bootdo.common.controller.FileController.save(com.bootdo.common.domain.FileDO)
2021-03-25 08:55:50 -Mapped "{[/common/sysFile/info/{id}]}" onto public com.bootdo.common.utils.R com.bootdo.common.controller.FileController.info(java.lang.Long)
2021-03-25 08:55:50 -Mapped "{[/common/sysFile/edit],methods=[GET]}" onto java.lang.String com.bootdo.common.controller.FileController.edit(java.lang.Long,org.springframework.ui.Model)
2021-03-25 08:55:50 -Mapped "{[/common/sysFile],methods=[GET]}" onto java.lang.String com.bootdo.common.controller.FileController.sysFile(org.springframework.ui.Model)
2021-03-25 08:55:50 -Mapped "{[/common/sysFile/upload],methods=[POST]}" onto com.bootdo.common.utils.R com.bootdo.common.controller.FileController.upload(org.springframework.web.multipart.MultipartFile,javax.servlet.http.HttpServletRequest)
2021-03-25 08:55:50 -Mapped "{[/common/generator/update],methods=[POST]}" onto com.bootdo.common.utils.R com.bootdo.common.controller.GeneratorController.update(java.util.Map<java.lang.String, java.lang.Object>)
2021-03-25 08:55:50 -Mapped "{[/common/generator/list],methods=[GET]}" onto java.util.List<java.util.Map<java.lang.String, java.lang.Object>> com.bootdo.common.controller.GeneratorController.list()
2021-03-25 08:55:50 -Mapped "{[/common/generator/code/{tableName}]}" onto public void com.bootdo.common.controller.GeneratorController.code(javax.servlet.http.HttpServletRequest,javax.servlet.http.HttpServletResponse,java.lang.String) throws java.io.IOException
2021-03-25 08:55:50 -Mapped "{[/common/generator],methods=[GET]}" onto java.lang.String com.bootdo.common.controller.GeneratorController.generator()
2021-03-25 08:55:50 -Mapped "{[/common/generator/edit],methods=[GET]}" onto public java.lang.String com.bootdo.common.controller.GeneratorController.edit(org.springframework.ui.Model)
2021-03-25 08:55:50 -Mapped "{[/common/generator/batchCode]}" onto public void com.bootdo.common.controller.GeneratorController.batchCode(javax.servlet.http.HttpServletRequest,javax.servlet.http.HttpServletResponse,java.lang.String) throws java.io.IOException
2021-03-25 08:55:50 -Mapped "{[/common/job/add],methods=[GET]}" onto java.lang.String com.bootdo.common.controller.JobController.add()
2021-03-25 08:55:50 -Mapped "{[/common/job/remove],methods=[POST]}" onto public com.bootdo.common.utils.R com.bootdo.common.controller.JobController.remove(java.lang.Long)
2021-03-25 08:55:50 -Mapped "{[/common/job/batchRemove],methods=[POST]}" onto public com.bootdo.common.utils.R com.bootdo.common.controller.JobController.remove(java.lang.Long[])
2021-03-25 08:55:50 -Mapped "{[/common/job/update],methods=[POST]}" onto public com.bootdo.common.utils.R com.bootdo.common.controller.JobController.update(com.bootdo.common.domain.TaskDO)
2021-03-25 08:55:50 -Mapped "{[/common/job/list],methods=[GET]}" onto public com.bootdo.common.utils.PageUtils com.bootdo.common.controller.JobController.list(java.util.Map<java.lang.String, java.lang.Object>)
2021-03-25 08:55:50 -Mapped "{[/common/job/save],methods=[POST]}" onto public com.bootdo.common.utils.R com.bootdo.common.controller.JobController.save(com.bootdo.common.domain.TaskDO)
2021-03-25 08:55:50 -Mapped "{[/common/job/info/{id}]}" onto public com.bootdo.common.utils.R com.bootdo.common.controller.JobController.info(java.lang.Long)
2021-03-25 08:55:50 -Mapped "{[/common/job/edit/{id}],methods=[GET]}" onto java.lang.String com.bootdo.common.controller.JobController.edit(java.lang.Long,org.springframework.ui.Model)
2021-03-25 08:55:50 -Mapped "{[/common/job],methods=[GET]}" onto java.lang.String com.bootdo.common.controller.JobController.taskScheduleJob()
2021-03-25 08:55:50 -Mapped "{[/common/job/changeJobStatus],methods=[POST]}" onto public com.bootdo.common.utils.R com.bootdo.common.controller.JobController.changeJobStatus(java.lang.Long,java.lang.String)
2021-03-25 08:55:50 -Mapped "{[/common/log/remove],methods=[POST]}" onto com.bootdo.common.utils.R com.bootdo.common.controller.LogController.remove(java.lang.Long)
2021-03-25 08:55:50 -Mapped "{[/common/log],methods=[GET]}" onto java.lang.String com.bootdo.common.controller.LogController.log()
2021-03-25 08:55:50 -Mapped "{[/common/log/list],methods=[GET]}" onto com.bootdo.common.domain.PageDO<com.bootdo.common.domain.LogDO> com.bootdo.common.controller.LogController.list(java.util.Map<java.lang.String, java.lang.Object>)
2021-03-25 08:55:50 -Mapped "{[/common/log/batchRemove],methods=[POST]}" onto com.bootdo.common.utils.R com.bootdo.common.controller.LogController.batchRemove(java.lang.Long[])
2021-03-25 08:55:50 -Mapped "{[/error]}" onto public com.bootdo.common.utils.R com.bootdo.common.exception.MainsiteErrorController.handleError(javax.servlet.http.HttpServletRequest,javax.servlet.http.HttpServletResponse)
2021-03-25 08:55:50 -Mapped "{[/error],produces=[text/html]}" onto public org.springframework.web.servlet.ModelAndView com.bootdo.common.exception.MainsiteErrorController.errorHtml(javax.servlet.http.HttpServletRequest,javax.servlet.http.HttpServletResponse)
2021-03-25 08:55:50 -Mapped "{[/claim/list/jobType]}" onto public java.util.List<com.bootdo.oaForm.domain.OaFormSet> com.bootdo.oaForm.controller.ClaimController.getJobType()
2021-03-25 08:55:50 -Mapped "{[/oa/doctor/update]}" onto public com.bootdo.common.utils.R com.bootdo.oaForm.controller.DoctorController.update(com.bootdo.oaForm.domain.OaForm)
2021-03-25 08:55:50 -Mapped "{[/oa/doctor/list],methods=[GET]}" onto public com.bootdo.common.utils.PageUtils com.bootdo.oaForm.controller.DoctorController.list(java.util.Map<java.lang.String, java.lang.Object>)
2021-03-25 08:55:50 -Mapped "{[/oa/doctor/getUserByPermission/{permission}]}" onto public java.util.List<com.bootdo.system.domain.UserDO> com.bootdo.oaForm.controller.DoctorController.getUserByPermission(java.lang.String)
2021-03-25 08:55:50 -Mapped "{[/oa/doctor/doctorEdit/{id}]}" onto public java.lang.String com.bootdo.oaForm.controller.DoctorController.toDoctorEditPage(java.lang.Long,org.springframework.ui.Model)
2021-03-25 08:55:50 -Mapped "{[/oa/doctor/doctor]}" onto public java.lang.String com.bootdo.oaForm.controller.DoctorController.toDoctorPage()
2021-03-25 08:55:50 -Mapped "{[/oa/findDoctor],methods=[GET]}" onto java.lang.String com.bootdo.oaForm.controller.FindDoctorController.oaFindDoctor()
2021-03-25 08:55:50 -Mapped "{[/oa/form/add],methods=[GET]}" onto java.lang.String com.bootdo.oaForm.controller.FormController.add()
2021-03-25 08:55:50 -Mapped "{[/oa/form/remove],methods=[POST]}" onto public com.bootdo.common.utils.R com.bootdo.oaForm.controller.FormController.remove(java.lang.Long)
2021-03-25 08:55:50 -Mapped "{[/oa/form/batchRemove],methods=[POST]}" onto public com.bootdo.common.utils.R com.bootdo.oaForm.controller.FormController.remove(java.lang.Long[])
2021-03-25 08:55:50 -Mapped "{[/oa/form/update]}" onto public com.bootdo.common.utils.R com.bootdo.oaForm.controller.FormController.update(com.bootdo.oaForm.domain.OaForm)
2021-03-25 08:55:50 -Mapped "{[/oa/form/list],methods=[GET]}" onto public com.bootdo.common.utils.PageUtils com.bootdo.oaForm.controller.FormController.list(java.util.Map<java.lang.String, java.lang.Object>)
2021-03-25 08:55:50 -Mapped "{[/oa/form/save],methods=[POST]}" onto public com.bootdo.common.utils.R com.bootdo.oaForm.controller.FormController.save(com.bootdo.oaForm.domain.OaForm)
2021-03-25 08:55:50 -Mapped "{[/oa/form/userList],methods=[GET]}" onto public com.bootdo.common.utils.PageUtils com.bootdo.oaForm.controller.FormController.userList(java.util.Map<java.lang.String, java.lang.Object>)
2021-03-25 08:55:50 -Mapped "{[/oa/form/edit/{id}],methods=[GET]}" onto java.lang.String com.bootdo.oaForm.controller.FormController.edit(java.lang.Long,org.springframework.ui.Model)
2021-03-25 08:55:50 -Mapped "{[/oa/form/updateByInsure]}" onto public com.bootdo.common.utils.R com.bootdo.oaForm.controller.FormController.updateByInsure(com.bootdo.oaForm.domain.OaForm)
2021-03-25 08:55:50 -Mapped "{[/oa/form],methods=[GET]}" onto java.lang.String com.bootdo.oaForm.controller.FormController.oaForm()
2021-03-25 08:55:50 -Mapped "{[/oa/form/userEdit/{id}],methods=[GET]}" onto java.lang.String com.bootdo.oaForm.controller.FormController.userEdit(java.lang.Long,org.springframework.ui.Model)
2021-03-25 08:55:50 -Mapped "{[/oa/form/userSave],methods=[POST]}" onto public com.bootdo.common.utils.R com.bootdo.oaForm.controller.FormController.userSave(com.bootdo.oaForm.domain.OaForm)
2021-03-25 08:55:50 -Mapped "{[/oa/form/userUpdate]}" onto public com.bootdo.common.utils.R com.bootdo.oaForm.controller.FormController.userUpdate(com.bootdo.oaForm.domain.OaForm)
2021-03-25 08:55:50 -Mapped "{[/oa/form/userAdd],methods=[GET]}" onto java.lang.String com.bootdo.oaForm.controller.FormController.userAdd()
2021-03-25 08:55:50 -Mapped "{[/oa/form/userForm],methods=[GET]}" onto java.lang.String com.bootdo.oaForm.controller.FormController.oaUserForm()
2021-03-25 08:55:50 -Mapped "{[/oa/notify/add],methods=[GET]}" onto java.lang.String com.bootdo.oaNotify.controller.NotifyController.add()
2021-03-25 08:55:50 -Mapped "{[/oa/notify/remove],methods=[POST]}" onto public com.bootdo.common.utils.R com.bootdo.oaNotify.controller.NotifyController.remove(java.lang.Long)
2021-03-25 08:55:50 -Mapped "{[/oa/notify/batchRemove],methods=[POST]}" onto public com.bootdo.common.utils.R com.bootdo.oaNotify.controller.NotifyController.remove(java.lang.Long[])
2021-03-25 08:55:50 -Mapped "{[/oa/notify/update]}" onto public com.bootdo.common.utils.R com.bootdo.oaNotify.controller.NotifyController.update(com.bootdo.oaNotify.domain.NotifyDO)
2021-03-25 08:55:50 -Mapped "{[/oa/notify/read/{id}],methods=[GET]}" onto java.lang.String com.bootdo.oaNotify.controller.NotifyController.read(java.lang.Long,org.springframework.ui.Model)
2021-03-25 08:55:50 -Mapped "{[/oa/notify/list],methods=[GET]}" onto public com.bootdo.common.utils.PageUtils com.bootdo.oaNotify.controller.NotifyController.list(java.util.Map<java.lang.String, java.lang.Object>)
2021-03-25 08:55:50 -Mapped "{[/oa/notify/save],methods=[POST]}" onto public com.bootdo.common.utils.R com.bootdo.oaNotify.controller.NotifyController.save(com.bootdo.oaNotify.domain.NotifyDO)
2021-03-25 08:55:50 -Mapped "{[/oa/notify/message],methods=[GET]}" onto com.bootdo.common.utils.PageUtils com.bootdo.oaNotify.controller.NotifyController.message()
2021-03-25 08:55:50 -Mapped "{[/oa/notify/edit/{id}],methods=[GET]}" onto java.lang.String com.bootdo.oaNotify.controller.NotifyController.edit(java.lang.Long,org.springframework.ui.Model)
2021-03-25 08:55:50 -Mapped "{[/oa/notify],methods=[GET]}" onto java.lang.String com.bootdo.oaNotify.controller.NotifyController.oaNotify()
2021-03-25 08:55:50 -Mapped "{[/oa/notify/selfList],methods=[GET]}" onto com.bootdo.common.utils.PageUtils com.bootdo.oaNotify.controller.NotifyController.selfList(java.util.Map<java.lang.String, java.lang.Object>)
2021-03-25 08:55:50 -Mapped "{[/oa/notify/selfNotify],methods=[GET]}" onto java.lang.String com.bootdo.oaNotify.controller.NotifyController.selefNotify()
2021-03-25 08:55:50 -Mapped "{[/system/sysDept/add/{pId}],methods=[GET]}" onto java.lang.String com.bootdo.system.controller.DeptController.add(java.lang.Long,org.springframework.ui.Model)
2021-03-25 08:55:50 -Mapped "{[/system/sysDept/remove],methods=[POST]}" onto public com.bootdo.common.utils.R com.bootdo.system.controller.DeptController.remove(java.lang.Long)
2021-03-25 08:55:50 -Mapped "{[/system/sysDept/batchRemove],methods=[POST]}" onto public com.bootdo.common.utils.R com.bootdo.system.controller.DeptController.remove(java.lang.Long[])
2021-03-25 08:55:50 -Mapped "{[/system/sysDept/update]}" onto public com.bootdo.common.utils.R com.bootdo.system.controller.DeptController.update(com.bootdo.system.domain.DeptDO)
2021-03-25 08:55:50 -Mapped "{[/system/sysDept/list],methods=[GET]}" onto public java.util.List<com.bootdo.system.domain.DeptDO> com.bootdo.system.controller.DeptController.list()
2021-03-25 08:55:50 -Mapped "{[/system/sysDept/save],methods=[POST]}" onto public com.bootdo.common.utils.R com.bootdo.system.controller.DeptController.save(com.bootdo.system.domain.DeptDO)
2021-03-25 08:55:50 -Mapped "{[/system/sysDept/tree],methods=[GET]}" onto public com.bootdo.common.domain.Tree<com.bootdo.system.domain.DeptDO> com.bootdo.system.controller.DeptController.tree()
2021-03-25 08:55:50 -Mapped "{[/system/sysDept/edit/{deptId}],methods=[GET]}" onto java.lang.String com.bootdo.system.controller.DeptController.edit(java.lang.Long,org.springframework.ui.Model)
2021-03-25 08:55:50 -Mapped "{[/system/sysDept],methods=[GET]}" onto java.lang.String com.bootdo.system.controller.DeptController.dept()
2021-03-25 08:55:50 -Mapped "{[/system/sysDept/treeView],methods=[GET]}" onto java.lang.String com.bootdo.system.controller.DeptController.treeView()
2021-03-25 08:55:50 -Mapped "{[/index],methods=[GET]}" onto java.lang.String com.bootdo.system.controller.LoginController.index(org.springframework.ui.Model)
2021-03-25 08:55:50 -Mapped "{[/main],methods=[GET]}" onto java.lang.String com.bootdo.system.controller.LoginController.main()
2021-03-25 08:55:50 -Mapped "{[/login],methods=[GET]}" onto java.lang.String com.bootdo.system.controller.LoginController.login(org.springframework.ui.Model)
2021-03-25 08:55:50 -Mapped "{[/logout],methods=[GET]}" onto java.lang.String com.bootdo.system.controller.LoginController.logout()
2021-03-25 08:55:50 -Mapped "{[/ || ],methods=[GET]}" onto java.lang.String com.bootdo.system.controller.LoginController.welcome(org.springframework.ui.Model)
2021-03-25 08:55:50 -Mapped "{[/getVerify],methods=[GET]}" onto public void com.bootdo.system.controller.LoginController.getVerify(javax.servlet.http.HttpServletRequest,javax.servlet.http.HttpServletResponse)
2021-03-25 08:55:50 -Mapped "{[/login],methods=[POST]}" onto com.bootdo.common.utils.R com.bootdo.system.controller.LoginController.ajaxLogin(java.lang.String,java.lang.String,java.lang.String,javax.servlet.http.HttpServletRequest)
2021-03-25 08:55:50 -Mapped "{[/sys/menu/add/{pId}],methods=[GET]}" onto java.lang.String com.bootdo.system.controller.MenuController.add(org.springframework.ui.Model,java.lang.Long)
2021-03-25 08:55:50 -Mapped "{[/sys/menu/remove],methods=[POST]}" onto com.bootdo.common.utils.R com.bootdo.system.controller.MenuController.remove(java.lang.Long)
2021-03-25 08:55:50 -Mapped "{[/sys/menu/update],methods=[POST]}" onto com.bootdo.common.utils.R com.bootdo.system.controller.MenuController.update(com.bootdo.system.domain.MenuDO)
2021-03-25 08:55:50 -Mapped "{[/sys/menu/list]}" onto java.util.List<com.bootdo.system.domain.MenuDO> com.bootdo.system.controller.MenuController.list(java.util.Map<java.lang.String, java.lang.Object>)
2021-03-25 08:55:50 -Mapped "{[/sys/menu/save],methods=[POST]}" onto com.bootdo.common.utils.R com.bootdo.system.controller.MenuController.save(com.bootdo.system.domain.MenuDO)
2021-03-25 08:55:50 -Mapped "{[/sys/menu/tree/{roleId}],methods=[GET]}" onto com.bootdo.common.domain.Tree<com.bootdo.system.domain.MenuDO> com.bootdo.system.controller.MenuController.tree(java.lang.Long)
2021-03-25 08:55:50 -Mapped "{[/sys/menu/tree],methods=[GET]}" onto com.bootdo.common.domain.Tree<com.bootdo.system.domain.MenuDO> com.bootdo.system.controller.MenuController.tree()
2021-03-25 08:55:50 -Mapped "{[/sys/menu/edit/{id}],methods=[GET]}" onto java.lang.String com.bootdo.system.controller.MenuController.edit(org.springframework.ui.Model,java.lang.Long)
2021-03-25 08:55:50 -Mapped "{[/sys/menu],methods=[GET]}" onto java.lang.String com.bootdo.system.controller.MenuController.menu(org.springframework.ui.Model)
2021-03-25 08:55:50 -Mapped "{[/sys/role/add],methods=[GET]}" onto java.lang.String com.bootdo.system.controller.RoleController.add()
2021-03-25 08:55:50 -Mapped "{[/sys/role/update],methods=[POST]}" onto com.bootdo.common.utils.R com.bootdo.system.controller.RoleController.update(com.bootdo.system.domain.RoleDO)
2021-03-25 08:55:50 -Mapped "{[/sys/role/list],methods=[GET]}" onto java.util.List<com.bootdo.system.domain.RoleDO> com.bootdo.system.controller.RoleController.list()
2021-03-25 08:55:50 -Mapped "{[/sys/role/remove],methods=[POST]}" onto com.bootdo.common.utils.R com.bootdo.system.controller.RoleController.save(java.lang.Long)
2021-03-25 08:55:50 -Mapped "{[/sys/role/save],methods=[POST]}" onto com.bootdo.common.utils.R com.bootdo.system.controller.RoleController.save(com.bootdo.system.domain.RoleDO)
2021-03-25 08:55:50 -Mapped "{[/sys/role/batchRemove],methods=[POST]}" onto com.bootdo.common.utils.R com.bootdo.system.controller.RoleController.batchRemove(java.lang.Long[])
2021-03-25 08:55:50 -Mapped "{[/sys/role],methods=[GET]}" onto java.lang.String com.bootdo.system.controller.RoleController.role()
2021-03-25 08:55:50 -Mapped "{[/sys/role/edit/{id}],methods=[GET]}" onto java.lang.String com.bootdo.system.controller.RoleController.edit(java.lang.Long,org.springframework.ui.Model)
2021-03-25 08:55:50 -Mapped "{[/sys/online/list]}" onto public java.util.List<com.bootdo.system.domain.UserOnline> com.bootdo.system.controller.SessionController.list()
2021-03-25 08:55:50 -Mapped "{[/sys/online/sessionList]}" onto public java.util.Collection<org.apache.shiro.session.Session> com.bootdo.system.controller.SessionController.sessionList()
2021-03-25 08:55:50 -Mapped "{[/sys/online],methods=[GET]}" onto public java.lang.String com.bootdo.system.controller.SessionController.online()
2021-03-25 08:55:50 -Mapped "{[/sys/online/forceLogout/{sessionId}]}" onto public com.bootdo.common.utils.R com.bootdo.system.controller.SessionController.forceLogout(java.lang.String,org.springframework.web.servlet.mvc.support.RedirectAttributes)
2021-03-25 08:55:50 -Mapped "{[/sys/user/exit],methods=[POST]}" onto boolean com.bootdo.system.controller.UserController.exit(java.util.Map<java.lang.String, java.lang.Object>)
2021-03-25 08:55:50 -Mapped "{[/sys/user/add],methods=[GET]}" onto java.lang.String com.bootdo.system.controller.UserController.add(org.springframework.ui.Model)
2021-03-25 08:55:50 -Mapped "{[/sys/user/remove],methods=[POST]}" onto com.bootdo.common.utils.R com.bootdo.system.controller.UserController.remove(java.lang.Long)
2021-03-25 08:55:50 -Mapped "{[/sys/user/update],methods=[POST]}" onto com.bootdo.common.utils.R com.bootdo.system.controller.UserController.update(com.bootdo.system.domain.UserDO)
2021-03-25 08:55:50 -Mapped "{[/sys/user/list],methods=[GET]}" onto com.bootdo.common.utils.PageUtils com.bootdo.system.controller.UserController.list(java.util.Map<java.lang.String, java.lang.Object>)
2021-03-25 08:55:50 -Mapped "{[/sys/user/save],methods=[POST]}" onto com.bootdo.common.utils.R com.bootdo.system.controller.UserController.save(com.bootdo.system.domain.UserDO)
2021-03-25 08:55:50 -Mapped "{[/sys/user/batchRemove],methods=[POST]}" onto com.bootdo.common.utils.R com.bootdo.system.controller.UserController.batchRemove(java.lang.Long[])
2021-03-25 08:55:50 -Mapped "{[/sys/user/tree],methods=[GET]}" onto public com.bootdo.common.domain.Tree<com.bootdo.system.domain.DeptDO> com.bootdo.system.controller.UserController.tree()
2021-03-25 08:55:50 -Mapped "{[/sys/user],methods=[GET]}" onto java.lang.String com.bootdo.system.controller.UserController.user(org.springframework.ui.Model)
2021-03-25 08:55:50 -Mapped "{[/sys/user/edit/{id}],methods=[GET]}" onto java.lang.String com.bootdo.system.controller.UserController.edit(org.springframework.ui.Model,java.lang.Long)
2021-03-25 08:55:50 -Mapped "{[/sys/user/treeView],methods=[GET]}" onto java.lang.String com.bootdo.system.controller.UserController.treeView()
2021-03-25 08:55:50 -Mapped "{[/sys/user/adminResetPwd],methods=[POST]}" onto com.bootdo.common.utils.R com.bootdo.system.controller.UserController.adminResetPwd(com.bootdo.system.vo.UserVO)
2021-03-25 08:55:50 -Mapped "{[/sys/user/resetPwd],methods=[POST]}" onto com.bootdo.common.utils.R com.bootdo.system.controller.UserController.resetPwd(com.bootdo.system.vo.UserVO)
2021-03-25 08:55:50 -Mapped "{[/sys/user/resetPwd/{id}],methods=[GET]}" onto java.lang.String com.bootdo.system.controller.UserController.resetPwd(java.lang.Long,org.springframework.ui.Model)
2021-03-25 08:55:50 -Mapped "{[/sys/user/uploadImg],methods=[POST]}" onto com.bootdo.common.utils.R com.bootdo.system.controller.UserController.uploadImg(org.springframework.web.multipart.MultipartFile,java.lang.String,javax.servlet.http.HttpServletRequest)
2021-03-25 08:55:50 -Mapped "{[/sys/user/updatePeronal],methods=[POST]}" onto com.bootdo.common.utils.R com.bootdo.system.controller.UserController.updatePeronal(com.bootdo.system.domain.UserDO)
2021-03-25 08:55:50 -Mapped "{[/sys/user/personal],methods=[GET]}" onto java.lang.String com.bootdo.system.controller.UserController.personal(org.springframework.ui.Model)
2021-03-25 08:55:50 -Mapped "{[/v2/api-docs],methods=[GET],produces=[application/json || application/hal+json]}" onto public org.springframework.http.ResponseEntity<springfox.documentation.spring.web.json.Json> springfox.documentation.swagger2.web.Swagger2Controller.getDocumentation(java.lang.String,javax.servlet.http.HttpServletRequest)
2021-03-25 08:55:50 -Mapped "{[/swagger-resources]}" onto org.springframework.http.ResponseEntity<java.util.List<springfox.documentation.swagger.web.SwaggerResource>> springfox.documentation.swagger.web.ApiResourceController.swaggerResources()
2021-03-25 08:55:50 -Mapped "{[/swagger-resources/configuration/ui]}" onto org.springframework.http.ResponseEntity<springfox.documentation.swagger.web.UiConfiguration> springfox.documentation.swagger.web.ApiResourceController.uiConfiguration()
2021-03-25 08:55:50 -Mapped "{[/swagger-resources/configuration/security]}" onto org.springframework.http.ResponseEntity<springfox.documentation.swagger.web.SecurityConfiguration> springfox.documentation.swagger.web.ApiResourceController.securityConfiguration()
2021-03-25 08:55:50 -Initializing ExecutorService  'messageBrokerTaskScheduler'
2021-03-25 08:55:50 -Mapped URL path [/endpointChat/**] onto handler of type [class org.springframework.web.socket.sockjs.support.SockJsHttpRequestHandler]
2021-03-25 08:55:50 -Initializing ExecutorService  'brokerChannelExecutor'
2021-03-25 08:55:50 -Mapped URL path [/**/favicon.ico] onto handler of type [class org.springframework.web.servlet.resource.ResourceHttpRequestHandler]
2021-03-25 08:55:50 -Looking for @ControllerAdvice: org.springframework.boot.web.servlet.context.AnnotationConfigServletWebServerApplicationContext@4a335fa8: startup date [Thu Mar 25 08:55:45 CST 2021]; root of context hierarchy
2021-03-25 08:55:51 -Mapped URL path [/webjars/**] onto handler of type [class org.springframework.web.servlet.resource.ResourceHttpRequestHandler]
2021-03-25 08:55:51 -Mapped URL path [/**] onto handler of type [class org.springframework.web.servlet.resource.ResourceHttpRequestHandler]
2021-03-25 08:55:51 -Mapped URL path [/files/**] onto handler of type [class org.springframework.web.servlet.resource.ResourceHttpRequestHandler]
2021-03-25 08:55:51 -Detected @ExceptionHandler methods in BDExceptionHandler
2021-03-25 08:55:51 -[THYMELEAF][main] Template Mode 'LEGACYHTML5' is deprecated. Using Template Mode 'HTML' instead.
2021-03-25 08:55:51 -Registering beans for JMX exposure on startup
2021-03-25 08:55:51 -Bean with name 'dataSource' has been autodetected for JMX exposure
2021-03-25 08:55:52 -Located MBean 'dataSource': registering with JMX server as MBean [com.alibaba.druid.pool:name=dataSource,type=DruidDataSource]
2021-03-25 08:55:52 -Starting beans in phase 2147483647
2021-03-25 08:55:52 -Context refreshed
2021-03-25 08:55:52 -Found 1 custom documentation plugin(s)
2021-03-25 08:55:52 -Scanning for api listing references
2021-03-25 08:55:52 -Generating unique operation named: removeUsingPOST_1
2021-03-25 08:55:52 -Generating unique operation named: addUsingGET_1
2021-03-25 08:55:52 -Generating unique operation named: editUsingGET_1
2021-03-25 08:55:52 -Generating unique operation named: listUsingGET_1
2021-03-25 08:55:52 -Generating unique operation named: removeUsingPOST_2
2021-03-25 08:55:52 -Generating unique operation named: removeUsingPOST_3
2021-03-25 08:55:52 -Generating unique operation named: saveUsingPOST_1
2021-03-25 08:55:52 -Generating unique operation named: updateUsingGET_1
2021-03-25 08:55:52 -Generating unique operation named: updateUsingHEAD_1
2021-03-25 08:55:52 -Generating unique operation named: updateUsingPOST_1
2021-03-25 08:55:52 -Generating unique operation named: updateUsingPUT_1
2021-03-25 08:55:52 -Generating unique operation named: updateUsingPATCH_1
2021-03-25 08:55:52 -Generating unique operation named: updateUsingDELETE_1
2021-03-25 08:55:52 -Generating unique operation named: updateUsingOPTIONS_1
2021-03-25 08:55:52 -Generating unique operation named: updateUsingTRACE_1
2021-03-25 08:55:52 -Generating unique operation named: addUsingGET_2
2021-03-25 08:55:52 -Generating unique operation named: editUsingGET_2
2021-03-25 08:55:52 -Generating unique operation named: listUsingGET_2
2021-03-25 08:55:52 -Generating unique operation named: removeUsingPOST_4
2021-03-25 08:55:52 -Generating unique operation named: removeUsingPOST_5
2021-03-25 08:55:52 -Generating unique operation named: saveUsingPOST_2
2021-03-25 08:55:52 -Generating unique operation named: updateUsingGET_2
2021-03-25 08:55:52 -Generating unique operation named: updateUsingHEAD_2
2021-03-25 08:55:52 -Generating unique operation named: updateUsingPOST_2
2021-03-25 08:55:52 -Generating unique operation named: updateUsingPUT_2
2021-03-25 08:55:52 -Generating unique operation named: updateUsingPATCH_2
2021-03-25 08:55:52 -Generating unique operation named: updateUsingDELETE_2
2021-03-25 08:55:52 -Generating unique operation named: updateUsingOPTIONS_2
2021-03-25 08:55:52 -Generating unique operation named: updateUsingTRACE_2
2021-03-25 08:55:52 -Generating unique operation named: listUsingGET_3
2021-03-25 08:55:52 -Generating unique operation named: updateUsingGET_3
2021-03-25 08:55:52 -Generating unique operation named: updateUsingHEAD_3
2021-03-25 08:55:52 -Generating unique operation named: updateUsingPOST_3
2021-03-25 08:55:52 -Generating unique operation named: updateUsingPUT_3
2021-03-25 08:55:52 -Generating unique operation named: updateUsingPATCH_3
2021-03-25 08:55:52 -Generating unique operation named: updateUsingDELETE_3
2021-03-25 08:55:52 -Generating unique operation named: updateUsingOPTIONS_3
2021-03-25 08:55:52 -Generating unique operation named: updateUsingTRACE_3
2021-03-25 08:55:52 -Generating unique operation named: addUsingGET_3
2021-03-25 08:55:52 -Generating unique operation named: editUsingGET_3
2021-03-25 08:55:52 -Generating unique operation named: listUsingGET_4
2021-03-25 08:55:52 -Generating unique operation named: removeUsingPOST_6
2021-03-25 08:55:52 -Generating unique operation named: removeUsingPOST_7
2021-03-25 08:55:52 -Generating unique operation named: saveUsingPOST_3
2021-03-25 08:55:52 -Generating unique operation named: updateUsingGET_4
2021-03-25 08:55:52 -Generating unique operation named: updateUsingHEAD_4
2021-03-25 08:55:52 -Generating unique operation named: updateUsingPOST_4
2021-03-25 08:55:52 -Generating unique operation named: updateUsingPUT_4
2021-03-25 08:55:52 -Generating unique operation named: updateUsingPATCH_4
2021-03-25 08:55:52 -Generating unique operation named: updateUsingDELETE_4
2021-03-25 08:55:52 -Generating unique operation named: updateUsingOPTIONS_4
2021-03-25 08:55:52 -Generating unique operation named: updateUsingTRACE_4
2021-03-25 08:55:52 -Generating unique operation named: addUsingGET_4
2021-03-25 08:55:52 -Generating unique operation named: editUsingGET_4
2021-03-25 08:55:52 -Generating unique operation named: listUsingGET_5
2021-03-25 08:55:52 -Generating unique operation named: removeUsingPOST_8
2021-03-25 08:55:52 -Generating unique operation named: removeUsingPOST_9
2021-03-25 08:55:52 -Generating unique operation named: saveUsingPOST_4
2021-03-25 08:55:52 -Generating unique operation named: updateUsingGET_5
2021-03-25 08:55:52 -Generating unique operation named: updateUsingHEAD_5
2021-03-25 08:55:52 -Generating unique operation named: updateUsingPOST_5
2021-03-25 08:55:52 -Generating unique operation named: updateUsingPUT_5
2021-03-25 08:55:52 -Generating unique operation named: updateUsingPATCH_5
2021-03-25 08:55:52 -Generating unique operation named: updateUsingDELETE_5
2021-03-25 08:55:52 -Generating unique operation named: updateUsingOPTIONS_5
2021-03-25 08:55:52 -Generating unique operation named: updateUsingTRACE_5
2021-03-25 08:55:52 -Generating unique operation named: editUsingGET_5
2021-03-25 08:55:52 -Generating unique operation named: listUsingGET_6
2021-03-25 08:55:52 -Generating unique operation named: updateUsingPOST_6
2021-03-25 08:55:52 -Generating unique operation named: addUsingGET_5
2021-03-25 08:55:52 -Generating unique operation named: editUsingGET_6
2021-03-25 08:55:52 -Generating unique operation named: infoUsingGET_1
2021-03-25 08:55:52 -Generating unique operation named: infoUsingHEAD_1
2021-03-25 08:55:52 -Generating unique operation named: infoUsingPOST_1
2021-03-25 08:55:52 -Generating unique operation named: infoUsingPUT_1
2021-03-25 08:55:52 -Generating unique operation named: infoUsingPATCH_1
2021-03-25 08:55:52 -Generating unique operation named: infoUsingDELETE_1
2021-03-25 08:55:52 -Generating unique operation named: infoUsingOPTIONS_1
2021-03-25 08:55:52 -Generating unique operation named: infoUsingTRACE_1
2021-03-25 08:55:52 -Generating unique operation named: listUsingGET_7
2021-03-25 08:55:52 -Generating unique operation named: removeUsingPOST_10
2021-03-25 08:55:52 -Generating unique operation named: removeUsingPOST_11
2021-03-25 08:55:52 -Generating unique operation named: saveUsingPOST_5
2021-03-25 08:55:52 -Generating unique operation named: updateUsingPOST_7
2021-03-25 08:55:52 -Generating unique operation named: listUsingGET_8
2021-03-25 08:55:52 -Generating unique operation named: removeUsingPOST_12
2021-03-25 08:55:52 -Generating unique operation named: welcomeUsingGET_1
2021-03-25 08:55:52 -Generating unique operation named: addUsingGET_6
2021-03-25 08:55:52 -Generating unique operation named: editUsingGET_7
2021-03-25 08:55:52 -Generating unique operation named: listUsingGET_9
2021-03-25 08:55:52 -Generating unique operation named: removeUsingPOST_13
2021-03-25 08:55:52 -Generating unique operation named: saveUsingPOST_6
2021-03-25 08:55:52 -Generating unique operation named: treeUsingGET_1
2021-03-25 08:55:52 -Generating unique operation named: treeUsingGET_2
2021-03-25 08:55:52 -Generating unique operation named: updateUsingPOST_8
2021-03-25 08:55:52 -Generating unique operation named: batchRemoveUsingPOST_1
2021-03-25 08:55:52 -Generating unique operation named: editUsingGET_8
2021-03-25 08:55:52 -Generating unique operation named: listUsingGET_10
2021-03-25 08:55:52 -Generating unique operation named: addUsingGET_7
2021-03-25 08:55:52 -Generating unique operation named: editUsingGET_9
2021-03-25 08:55:52 -Generating unique operation named: listUsingGET_11
2021-03-25 08:55:52 -Generating unique operation named: removeUsingPOST_14
2021-03-25 08:55:52 -Generating unique operation named: removeUsingPOST_15
2021-03-25 08:55:52 -Generating unique operation named: saveUsingPOST_7
2021-03-25 08:55:52 -Generating unique operation named: updateUsingGET_6
2021-03-25 08:55:52 -Generating unique operation named: updateUsingHEAD_6
2021-03-25 08:55:52 -Generating unique operation named: updateUsingPOST_9
2021-03-25 08:55:52 -Generating unique operation named: updateUsingPUT_6
2021-03-25 08:55:52 -Generating unique operation named: updateUsingPATCH_6
2021-03-25 08:55:52 -Generating unique operation named: updateUsingDELETE_6
2021-03-25 08:55:52 -Generating unique operation named: updateUsingOPTIONS_6
2021-03-25 08:55:52 -Generating unique operation named: updateUsingTRACE_6
2021-03-25 08:55:52 -Generating unique operation named: addUsingGET_8
2021-03-25 08:55:52 -Generating unique operation named: batchRemoveUsingPOST_2
2021-03-25 08:55:52 -Generating unique operation named: deployUsingPOST_1
2021-03-25 08:55:52 -Generating unique operation named: listUsingGET_12
2021-03-25 08:55:52 -Generating unique operation named: removeUsingPOST_16
2021-03-25 08:55:52 -Generating unique operation named: addUsingGET_9
2021-03-25 08:55:52 -Generating unique operation named: batchRemoveUsingPOST_3
2021-03-25 08:55:52 -Generating unique operation named: editUsingGET_10
2021-03-25 08:55:52 -Generating unique operation named: listUsingGET_13
2021-03-25 08:55:52 -Generating unique operation named: saveUsingPOST_8
2021-03-25 08:55:52 -Generating unique operation named: saveUsingPOST_9
2021-03-25 08:55:52 -Generating unique operation named: updateUsingPOST_10
2021-03-25 08:55:52 -Generating unique operation named: addUsingGET_10
2021-03-25 08:55:52 -Generating unique operation named: editUsingGET_11
2021-03-25 08:55:52 -Generating unique operation named: listUsingGET_14
2021-03-25 08:55:52 -Generating unique operation named: removeUsingPOST_17
2021-03-25 08:55:52 -Generating unique operation named: removeUsingPOST_18
2021-03-25 08:55:52 -Generating unique operation named: updateUsingGET_7
2021-03-25 08:55:52 -Generating unique operation named: updateUsingHEAD_7
2021-03-25 08:55:52 -Generating unique operation named: updateUsingPOST_11
2021-03-25 08:55:52 -Generating unique operation named: updateUsingPUT_7
2021-03-25 08:55:52 -Generating unique operation named: updateUsingPATCH_7
2021-03-25 08:55:52 -Generating unique operation named: updateUsingDELETE_7
2021-03-25 08:55:52 -Generating unique operation named: updateUsingOPTIONS_7
2021-03-25 08:55:52 -Generating unique operation named: updateUsingTRACE_7
2021-03-25 08:55:52 -Generating unique operation named: listUsingGET_15
2021-03-25 08:55:52 -Generating unique operation named: listUsingHEAD_1
2021-03-25 08:55:52 -Generating unique operation named: listUsingPOST_1
2021-03-25 08:55:52 -Generating unique operation named: listUsingPUT_1
2021-03-25 08:55:52 -Generating unique operation named: listUsingPATCH_1
2021-03-25 08:55:52 -Generating unique operation named: listUsingDELETE_1
2021-03-25 08:55:52 -Generating unique operation named: listUsingOPTIONS_1
2021-03-25 08:55:52 -Generating unique operation named: listUsingTRACE_1
2021-03-25 08:55:52 -Generating unique operation named: listUsingGET_16
2021-03-25 08:55:52 -Generating unique operation named: addUsingGET_11
2021-03-25 08:55:52 -Generating unique operation named: batchRemoveUsingPOST_4
2021-03-25 08:55:52 -Generating unique operation named: editUsingGET_12
2021-03-25 08:55:52 -Generating unique operation named: listUsingGET_17
2021-03-25 08:55:52 -Generating unique operation named: removeUsingPOST_19
2021-03-25 08:55:52 -Generating unique operation named: saveUsingPOST_10
2021-03-25 08:55:52 -Generating unique operation named: treeUsingGET_3
2021-03-25 08:55:52 -Generating unique operation named: treeViewUsingGET_1
2021-03-25 08:55:52 -Generating unique operation named: updateUsingPOST_12
2021-03-25 08:55:52 -Starting Quartz Scheduler now
2021-03-25 08:55:52 -Scheduler schedulerFactoryBean_$_NON_CLUSTERED started.
2021-03-25 08:55:52 -Starting...
2021-03-25 08:55:52 -BrokerAvailabilityEvent[available=true, SimpleBrokerMessageHandler [DefaultSubscriptionRegistry[cache[0 destination(s)], registry[0 sessions]]]]
2021-03-25 08:55:52 -Started.
2021-03-25 08:55:52 -Starting ProtocolHandler ["http-nio-8088"]
2021-03-25 08:55:52 -Using a shared selector for servlet write/read
2021-03-25 08:55:52 -Tomcat started on port(s): 8088 (http) with context path ''
2021-03-25 08:55:52 -Started BootdoApplication in 8.089 seconds (JVM running for 9.519)
2021-03-25 08:55:52 -==>  Preparing: select `id`,`cron_expression`,`method_name`,`is_concurrent`,`description`,`update_by`,`bean_class`,`create_date`,`job_status`,`job_group`,`update_date`,`create_by`,`spring_bean`,`job_name` from sys_task order by id desc 
2021-03-25 08:55:52 -==> Parameters: 
2021-03-25 08:55:52 -<==      Total: 1
2021-03-25 08:56:13 -Initializing Spring FrameworkServlet 'dispatcherServlet'
2021-03-25 08:56:13 -FrameworkServlet 'dispatcherServlet': initialization started
2021-03-25 08:56:13 -FrameworkServlet 'dispatcherServlet': initialization completed in 21 ms
2021-03-25 08:56:13 -Enabling session validation scheduler...
2021-03-25 08:56:14 -Request URL : http://localhost:8088/
2021-03-25 08:56:14 -HTTP METHOD : GET
2021-03-25 08:56:14 -CLASS_METHOD : com.bootdo.system.controller.LoginController.welcome
2021-03-25 08:56:14 -Parameter : [{}]
2021-03-25 08:56:14 -Time : 0
2021-03-25 08:56:14 -Returning : redirect:/index
2021-03-25 08:56:14 -Request URL : http://localhost:8088/login;JSESSIONID=dacc316a-6123-4376-a6b1-fc5c401e1157
2021-03-25 08:56:14 -HTTP METHOD : GET
2021-03-25 08:56:14 -CLASS_METHOD : com.bootdo.system.controller.LoginController.login
2021-03-25 08:56:14 -Parameter : [{}]
2021-03-25 08:56:14 -Time : 0
2021-03-25 08:56:14 -Returning : login
2021-03-25 08:56:14 -Request URL : http://localhost:8088/getVerify
2021-03-25 08:56:14 -HTTP METHOD : GET
2021-03-25 08:56:14 -CLASS_METHOD : com.bootdo.system.controller.LoginController.getVerify
2021-03-25 08:56:14 -Parameter : [org.apache.shiro.web.servlet.ShiroHttpServletRequest@1b297a6, org.apache.shiro.web.servlet.ShiroHttpServletResponse@44b019f4]
2021-03-25 08:56:14 -6615
2021-03-25 08:56:14 -Time : 243
2021-03-25 08:56:14 -Returning : null
2021-03-25 08:56:17 -Request URL : http://localhost:8088/login
2021-03-25 08:56:17 -HTTP METHOD : POST
2021-03-25 08:56:17 -CLASS_METHOD : com.bootdo.system.controller.LoginController.ajaxLogin
2021-03-25 08:56:17 -Parameter : [admin, 111111, 6615, org.apache.shiro.web.servlet.ShiroHttpServletRequest@d56bccd]
2021-03-25 08:56:17 -==>  Preparing: select `user_id`,`username`,`name`,`password`,`dept_id`,`email`,`mobile`,`status`,`user_id_create`,`gmt_create`,`gmt_modified`,`sex`,`birth`,`pic_id`,`live_address`,`hobby`,`province`,`city`,`district` from sys_user WHERE username = ? order by user_id desc 
2021-03-25 08:56:17 -==> Parameters: admin(String)
2021-03-25 08:56:17 -<==      Total: 1
2021-03-25 08:56:17 -Time : 16
2021-03-25 08:56:17 -Returning : {msg=Succeed, code=0}
2021-03-25 08:56:17 -More than one TaskExecutor bean found within the context, and none is named 'taskExecutor'. Mark one of them as primary or name it 'taskExecutor' (possibly as an alias) in order to use it for async processing: [clientInboundChannelExecutor, clientOutboundChannelExecutor, brokerChannelExecutor, messageBrokerTaskScheduler]
2021-03-25 08:56:17 -==>  Preparing: insert into sys_log ( `user_id`, `username`, `operation`, `time`, `method`, `params`, `ip`, `gmt_create` ) values ( ?, ?, ?, ?, ?, ?, ?, ? ) 
2021-03-25 08:56:17 -==> Parameters: 1(Long), admin(String), Log in(String), 16(Integer), com.bootdo.system.controller.LoginController.ajaxLogin()(String), null, 127.0.0.1(String), 2021-03-25 08:56:17.744(Timestamp)
2021-03-25 08:56:17 -<==    Updates: 1
2021-03-25 08:56:17 -Request URL : http://localhost:8088/index
2021-03-25 08:56:17 -HTTP METHOD : GET
2021-03-25 08:56:17 -CLASS_METHOD : com.bootdo.system.controller.LoginController.index
2021-03-25 08:56:17 -Parameter : [{}]
2021-03-25 08:56:17 -==>  Preparing: select distinct m.menu_id , parent_id, name, url, perms,`type`,icon,order_num,gmt_create, gmt_modified from sys_menu m left join sys_role_menu rm on m.menu_id = rm.menu_id left join sys_user_role ur on rm.role_id =ur.role_id where ur.user_id = ? and m.type in(0,1) order by m.order_num 
2021-03-25 08:56:17 -==> Parameters: 1(Long)
2021-03-25 08:56:17 -<==      Total: 19
2021-03-25 08:56:17 -==>  Preparing: select `id`,`type`,`url`,`create_date` from sys_file where id = ? 
2021-03-25 08:56:17 -==> Parameters: 149(Long)
2021-03-25 08:56:17 -<==      Total: 1
2021-03-25 08:56:17 -Time : 22
2021-03-25 08:56:17 -Returning : index_v1
2021-03-25 08:56:17 -==>  Preparing: insert into sys_log ( `user_id`, `username`, `operation`, `time`, `method`, `params`, `ip`, `gmt_create` ) values ( ?, ?, ?, ?, ?, ?, ?, ? ) 
2021-03-25 08:56:17 -==> Parameters: 1(Long), admin(String), Request to visit the homepage(String), 22(Integer), com.bootdo.system.controller.LoginController.index()(String), null, 127.0.0.1(String), 2021-03-25 08:56:17.813(Timestamp)
2021-03-25 08:56:17 -<==    Updates: 1
2021-03-25 08:56:17 -Request URL : http://localhost:8088/main
2021-03-25 08:56:17 -HTTP METHOD : GET
2021-03-25 08:56:17 -CLASS_METHOD : com.bootdo.system.controller.LoginController.main
2021-03-25 08:56:17 -Parameter : []
2021-03-25 08:56:17 -Time : 0
2021-03-25 08:56:17 -Returning : main
2021-03-25 08:56:17 -Request URL : http://localhost:8088/oa/notify/message
2021-03-25 08:56:17 -HTTP METHOD : GET
2021-03-25 08:56:17 -CLASS_METHOD : com.bootdo.oaNotify.controller.NotifyController.message
2021-03-25 08:56:17 -Parameter : []
2021-03-25 08:56:17 -==>  Preparing: select DISTINCT n.id ,`type`,`title`,`content`,`files`,r.is_read,`status`,`create_by`,`create_date`,`update_by`,`update_date`,`remarks`,`del_flag` from oa_notify_record r right JOIN oa_notify n on r.notify_id = n.id WHERE r.is_read = ? and r.user_id = ? order by is_read ASC, update_date DESC limit ?, ? 
2021-03-25 08:56:17 -==> Parameters: 0(String), 1(Long), 0(Integer), 3(Integer)
2021-03-25 08:56:17 -<==      Total: 0
2021-03-25 08:56:17 -==>  Preparing: select count(*) from oa_notify_record r right JOIN oa_notify n on r.notify_id = n.id where r.user_id =? and r.is_read = ? 
2021-03-25 08:56:17 -==> Parameters: 1(Long), 0(String)
2021-03-25 08:56:17 -<==      Total: 1
2021-03-25 08:56:17 -Time : 10
2021-03-25 08:56:17 -Returning : com.bootdo.common.utils.PageUtils@2244aac8
2021-03-25 08:56:17 -Request URL : http://localhost:8088/main
2021-03-25 08:56:17 -HTTP METHOD : GET
2021-03-25 08:56:17 -CLASS_METHOD : com.bootdo.system.controller.LoginController.main
2021-03-25 08:56:17 -Parameter : []
2021-03-25 08:56:17 -Time : 0
2021-03-25 08:56:17 -Returning : main
2021-03-25 08:56:20 -==>  Preparing: select distinct m.perms from sys_menu m left join sys_role_menu rm on m.menu_id = rm.menu_id left join sys_user_role ur on rm.role_id = ur.role_id where ur.user_id = ? 
2021-03-25 08:56:20 -==> Parameters: 1(Long)
2021-03-25 08:56:20 -<==      Total: 44
2021-03-25 08:56:20 -Request URL : http://localhost:8088/oa/form
2021-03-25 08:56:20 -HTTP METHOD : GET
2021-03-25 08:56:20 -CLASS_METHOD : com.bootdo.oaForm.controller.FormController.oaForm
2021-03-25 08:56:20 -Parameter : []
2021-03-25 08:56:20 -Time : 0
2021-03-25 08:56:20 -Returning : oa/form/form
2021-03-25 08:56:20 -Request URL : http://localhost:8088/oa/form/list
2021-03-25 08:56:20 -HTTP METHOD : GET
2021-03-25 08:56:20 -CLASS_METHOD : com.bootdo.oaForm.controller.FormController.list
2021-03-25 08:56:20 -Parameter : [{limit=10, offset=0, name=}]
2021-03-25 08:56:20 -==>  Preparing: select id, wLastName, wFirstName, SIN, telephone, wAddress, wCity, wProvince, wPostal, job, birth, sex, monetLost, eName, eTelephone, eAddress, eCity, eProvince, ePostal,status, remarks, del_flag, doctor_name,doctor_address,doctor_city,doctor_province,doctor_code,user_id,is_version, is_color,is_hearing,is_body,is_limb,is_strength from oa_form order by id desc 
2021-03-25 08:56:20 -==> Parameters: 
2021-03-25 08:56:20 -<==      Total: 5
2021-03-25 08:56:20 -Time : 8
2021-03-25 08:56:20 -Returning : com.bootdo.common.utils.PageUtils@1a65169e
2021-03-25 08:56:21 -Request URL : http://localhost:8088/oa/form/edit/37
2021-03-25 08:56:21 -HTTP METHOD : GET
2021-03-25 08:56:21 -CLASS_METHOD : com.bootdo.oaForm.controller.FormController.edit
2021-03-25 08:56:21 -Parameter : [37, {}]
2021-03-25 08:56:21 -==>  Preparing: select id, wLastName, wFirstName, SIN, telephone, wAddress, wCity, wProvince, wPostal, job, birth, sex, monetLost, eName, eTelephone, eAddress, eCity, eProvince, ePostal,status, remarks, del_flag, doctor_name,doctor_address,doctor_city,doctor_province,doctor_code,user_id,is_version, is_color,is_hearing,is_body,is_limb,is_strength from oa_form where id = ? 
2021-03-25 08:56:21 -==> Parameters: 37(Long)
2021-03-25 08:56:21 -<==      Total: 1
2021-03-25 08:56:21 -==>  Preparing: select * from oa_form_set where id=? 
2021-03-25 08:56:21 -==> Parameters: 1(Long)
2021-03-25 08:56:21 -<==      Total: 1
2021-03-25 08:56:21 -Time : 5
2021-03-25 08:56:21 -Returning : oa/form/edit
2021-03-25 08:56:21 -Request URL : http://localhost:8088/common/dict/list/oa_form_status
2021-03-25 08:56:21 -HTTP METHOD : GET
2021-03-25 08:56:21 -CLASS_METHOD : com.bootdo.common.controller.DictController.listByType
2021-03-25 08:56:21 -Parameter : [oa_form_status]
2021-03-25 08:56:21 -Request URL : http://localhost:8088/oa/doctor/getUserByPermission/oa:doctor:doctor
2021-03-25 08:56:21 -HTTP METHOD : GET
2021-03-25 08:56:21 -CLASS_METHOD : com.bootdo.oaForm.controller.DoctorController.getUserByPermission
2021-03-25 08:56:21 -Parameter : [oa:doctor:doctor]
2021-03-25 08:56:21 -==>  Preparing: select `user_id`,`username`,`name`,`password`,`dept_id`,`email`,`mobile`,`status`,`user_id_create`,`gmt_create`,`gmt_modified`,`sex`,`birth`,`pic_id`,`live_address`,`hobby`,`province`,`city`,`district` from sys_user order by user_id desc 
2021-03-25 08:56:21 -==> Parameters: 
2021-03-25 08:56:21 -<==      Total: 7
2021-03-25 08:56:21 -==>  Preparing: select `id`,`name`,`value`,`type`,`description`,`sort`,`parent_id`,`create_by`,`create_date`,`update_by`,`update_date`,`remarks`,`del_flag` from sys_dict WHERE type = ? order by id desc 
2021-03-25 08:56:21 -==> Parameters: oa_form_status(String)
2021-03-25 08:56:21 -==>  Preparing: select distinct m.perms from sys_menu m left join sys_role_menu rm on m.menu_id = rm.menu_id left join sys_user_role ur on rm.role_id = ur.role_id where ur.user_id = ? 
2021-03-25 08:56:21 -==> Parameters: 146(Long)
2021-03-25 08:56:21 -<==      Total: 2
2021-03-25 08:56:21 -Time : 12
2021-03-25 08:56:21 -Returning : [DictDO{id=147, name='decline', value='4', type='oa_form_status', description='status', sort=null, parentId=null, createBy=null, createDate=null, updateBy=null, updateDate=null, remarks=' ', delFlag='0'}, DictDO{id=146, name='approve', value='3', type='oa_form_status', description='status', sort=null, parentId=null, createBy=null, createDate=null, updateBy=null, updateDate=null, remarks=' ', delFlag='0'}]
2021-03-25 08:56:21 -<==      Total: 3
2021-03-25 08:56:21 -==>  Preparing: select distinct m.perms from sys_menu m left join sys_role_menu rm on m.menu_id = rm.menu_id left join sys_user_role ur on rm.role_id = ur.role_id where ur.user_id = ? 
2021-03-25 08:56:21 -==> Parameters: 145(Long)
2021-03-25 08:56:21 -<==      Total: 5
2021-03-25 08:56:21 -==>  Preparing: select distinct m.perms from sys_menu m left join sys_role_menu rm on m.menu_id = rm.menu_id left join sys_user_role ur on rm.role_id = ur.role_id where ur.user_id = ? 
2021-03-25 08:56:21 -==> Parameters: 143(Long)
2021-03-25 08:56:21 -<==      Total: 6
2021-03-25 08:56:21 -==>  Preparing: select distinct m.perms from sys_menu m left join sys_role_menu rm on m.menu_id = rm.menu_id left join sys_user_role ur on rm.role_id = ur.role_id where ur.user_id = ? 
2021-03-25 08:56:21 -==> Parameters: 140(Long)
2021-03-25 08:56:21 -<==      Total: 0
2021-03-25 08:56:21 -==>  Preparing: select distinct m.perms from sys_menu m left join sys_role_menu rm on m.menu_id = rm.menu_id left join sys_user_role ur on rm.role_id = ur.role_id where ur.user_id = ? 
2021-03-25 08:56:21 -==> Parameters: 139(Long)
2021-03-25 08:56:21 -<==      Total: 6
2021-03-25 08:56:21 -==>  Preparing: select distinct m.perms from sys_menu m left join sys_role_menu rm on m.menu_id = rm.menu_id left join sys_user_role ur on rm.role_id = ur.role_id where ur.user_id = ? 
2021-03-25 08:56:21 -==> Parameters: 2(Long)
2021-03-25 08:56:21 -<==      Total: 44
2021-03-25 08:56:21 -==>  Preparing: select distinct m.perms from sys_menu m left join sys_role_menu rm on m.menu_id = rm.menu_id left join sys_user_role ur on rm.role_id = ur.role_id where ur.user_id = ? 
2021-03-25 08:56:21 -==> Parameters: 1(Long)
2021-03-25 08:56:21 -<==      Total: 44
2021-03-25 08:56:21 -Time : 27
2021-03-25 08:56:21 -Returning : [UserDO{userId=146, username='doctor_lwb', name='doctor_lwb', password='bac762938532b12df2b031434ff6e14e', deptId=16, deptName='null', email='1281681072@qq.com', mobile='null', status=1, userIdCreate=null, gmtCreate=null, gmtModified=null, roleIds=null, sex=null, birth=null, picId=null, liveAddress='null', hobby='null', province='null', city='null', district='null'}, UserDO{userId=2, username='test', name='test', password='6cf3bb3deba2aadbd41ec9a22511084e', deptId=6, deptName='null', email='1281681072@qq.com', mobile='null', status=1, userIdCreate=1, gmtCreate=Mon Aug 14 13:43:05 CST 2017, gmtModified=Mon Aug 14 21:15:36 CST 2017, roleIds=null, sex=null, birth=null, picId=null, liveAddress='null', hobby='null', province='null', city='null', district='null'}, UserDO{userId=1, username='admin', name='Super Admin', password='27bd386e70f280e24c2f4f2a549b82cf', deptId=6, deptName='null', email='1281681072@qq.com', mobile='1122334455', status=1, userIdCreate=1, gmtCreate=Tue Aug 15 21:40:39 CST 2017, gmtModified=Tue Aug 15 21:41:00 CST 2017, roleIds=null, sex=96, birth=Thu Dec 14 00:00:00 CST 2017, picId=149, liveAddress='100 Tucker Park Rd', hobby='122;121;', province='New Brunswick', city='Saint John', district='E2K 4L4'}]
2021-03-25 08:56:23 -Request URL : http://localhost:8088/oa/form/updateByInsure
2021-03-25 08:56:23 -HTTP METHOD : POST
2021-03-25 08:56:23 -CLASS_METHOD : com.bootdo.oaForm.controller.FormController.updateByInsure
2021-03-25 08:56:23 -Parameter : [OaForm(id=37, wlastname=null, wfirstname=null, sin=null, telephone=1, waddress=null, wcity=null, wprovince=null, wpostal=null, job=1, birth=11, sex=2, monetlost=null, ename=null, etelephone=null, eaddress=null, ecity=null, eprovince=null, epostal=null, status=4, remarks=12, delFlag=null, doctor_name=null, doctor_address=1, doctor_city=1, doctor_province=1, doctor_code=1, user_id=null, is_use=null, is_version=1, is_color=1, is_hearing=1, is_body=0, is_limb=null, is_strength=null)]
2021-03-25 08:56:23 -==>  Preparing: update oa_form SET telephone = ?, job = ?, birth = ?, sex = ?, status = ?, remarks = ?, doctor_address=?, doctor_city=?, doctor_province= ?, doctor_code= ?, is_version= ?, is_color= ?, is_hearing= ?, is_body= ? where id = ? 
2021-03-25 08:56:23 -==> Parameters: 1(String), 1(String), 11(String), 2(Long), 4(Integer), 12(String), 1(String), 1(String), 1(String), 1(String), 1(Integer), 1(Integer), 1(Integer), 0(Integer), 37(Long)
2021-03-25 08:56:23 -<==    Updates: 1
2021-03-25 08:56:23 -==>  Preparing: select id, wLastName, wFirstName, SIN, telephone, wAddress, wCity, wProvince, wPostal, job, birth, sex, monetLost, eName, eTelephone, eAddress, eCity, eProvince, ePostal,status, remarks, del_flag, doctor_name,doctor_address,doctor_city,doctor_province,doctor_code,user_id,is_version, is_color,is_hearing,is_body,is_limb,is_strength from oa_form where id = ? 
2021-03-25 08:56:23 -==> Parameters: 37(Long)
2021-03-25 08:56:23 -<==      Total: 1
2021-03-25 08:56:23 -==>  Preparing: select role_id from sys_user_role where user_id=? 
2021-03-25 08:56:23 -==> Parameters: 1(Long)
2021-03-25 08:56:23 -<==      Total: 1
2021-03-25 08:56:23 -==>  Preparing: select `user_id`,`username`,`name`,`password`,`dept_id`,`email`,`mobile`,`status`,`user_id_create`,`gmt_create`,`gmt_modified`,`sex`,`birth`,`pic_id`,`live_address`,`hobby`,`province`,`city`,`district` from sys_user where user_id = ? 
2021-03-25 08:56:23 -==> Parameters: 1(Long)
2021-03-25 08:56:23 -<==      Total: 1
2021-03-25 08:56:24 -Time : 944
2021-03-25 08:56:24 -Returning : {msg=Succeed, code=0}
2021-03-25 08:56:24 -Request URL : http://localhost:8088/oa/form/list
2021-03-25 08:56:24 -HTTP METHOD : GET
2021-03-25 08:56:24 -CLASS_METHOD : com.bootdo.oaForm.controller.FormController.list
2021-03-25 08:56:24 -Parameter : [{limit=10, offset=0, name=}]
2021-03-25 08:56:24 -==>  Preparing: select id, wLastName, wFirstName, SIN, telephone, wAddress, wCity, wProvince, wPostal, job, birth, sex, monetLost, eName, eTelephone, eAddress, eCity, eProvince, ePostal,status, remarks, del_flag, doctor_name,doctor_address,doctor_city,doctor_province,doctor_code,user_id,is_version, is_color,is_hearing,is_body,is_limb,is_strength from oa_form order by id desc 
2021-03-25 08:56:24 -==> Parameters: 
2021-03-25 08:56:24 -<==      Total: 5
2021-03-25 08:56:24 -Time : 2
2021-03-25 08:56:24 -Returning : com.bootdo.common.utils.PageUtils@f3609f3
2021-03-25 08:56:50 -WebSocketSession[1 current WS(1)-HttpStream(0)-HttpPoll(0), 1 total, 0 closed abnormally (0 connect failure, 0 send limit, 0 transport error)], stompSubProtocol[processed CONNECT(1)-CONNECTED(1)-DISCONNECT(0)], stompBrokerRelay[null], inboundChannel[pool size = 9, active threads = 0, queued tasks = 0, completed tasks = 9], outboundChannelpool size = 1, active threads = 0, queued tasks = 0, completed tasks = 1], sockJsScheduler[pool size = 12, active threads = 1, queued tasks = 2, completed tasks = 8]
2021-03-25 08:58:32 -Request URL : http://localhost:8088/index
2021-03-25 08:58:32 -HTTP METHOD : GET
2021-03-25 08:58:32 -CLASS_METHOD : com.bootdo.system.controller.LoginController.index
2021-03-25 08:58:32 -Parameter : [{}]
2021-03-25 08:58:32 -==>  Preparing: select distinct m.menu_id , parent_id, name, url, perms,`type`,icon,order_num,gmt_create, gmt_modified from sys_menu m left join sys_role_menu rm on m.menu_id = rm.menu_id left join sys_user_role ur on rm.role_id =ur.role_id where ur.user_id = ? and m.type in(0,1) order by m.order_num 
2021-03-25 08:58:32 -==> Parameters: 1(Long)
2021-03-25 08:58:32 -<==      Total: 19
2021-03-25 08:58:32 -==>  Preparing: select `id`,`type`,`url`,`create_date` from sys_file where id = ? 
2021-03-25 08:58:32 -==> Parameters: 149(Long)
2021-03-25 08:58:32 -<==      Total: 1
2021-03-25 08:58:32 -Time : 5
2021-03-25 08:58:32 -Returning : index_v1
2021-03-25 08:58:32 -==>  Preparing: insert into sys_log ( `user_id`, `username`, `operation`, `time`, `method`, `params`, `ip`, `gmt_create` ) values ( ?, ?, ?, ?, ?, ?, ?, ? ) 
2021-03-25 08:58:32 -==> Parameters: 1(Long), admin(String), Request to visit the homepage(String), 5(Integer), com.bootdo.system.controller.LoginController.index()(String), null, 127.0.0.1(String), 2021-03-25 08:58:32.298(Timestamp)
2021-03-25 08:58:32 -<==    Updates: 1
2021-03-25 08:58:32 -Request URL : http://localhost:8088/main
2021-03-25 08:58:32 -HTTP METHOD : GET
2021-03-25 08:58:32 -CLASS_METHOD : com.bootdo.system.controller.LoginController.main
2021-03-25 08:58:32 -Parameter : []
2021-03-25 08:58:32 -Time : 0
2021-03-25 08:58:32 -Returning : main
2021-03-25 08:58:32 -Request URL : http://localhost:8088/oa/notify/message
2021-03-25 08:58:32 -HTTP METHOD : GET
2021-03-25 08:58:32 -CLASS_METHOD : com.bootdo.oaNotify.controller.NotifyController.message
2021-03-25 08:58:32 -Parameter : []
2021-03-25 08:58:32 -==>  Preparing: select DISTINCT n.id ,`type`,`title`,`content`,`files`,r.is_read,`status`,`create_by`,`create_date`,`update_by`,`update_date`,`remarks`,`del_flag` from oa_notify_record r right JOIN oa_notify n on r.notify_id = n.id WHERE r.is_read = ? and r.user_id = ? order by is_read ASC, update_date DESC limit ?, ? 
2021-03-25 08:58:32 -==> Parameters: 0(String), 1(Long), 0(Integer), 3(Integer)
2021-03-25 08:58:32 -<==      Total: 0
2021-03-25 08:58:32 -==>  Preparing: select count(*) from oa_notify_record r right JOIN oa_notify n on r.notify_id = n.id where r.user_id =? and r.is_read = ? 
2021-03-25 08:58:32 -==> Parameters: 1(Long), 0(String)
2021-03-25 08:58:32 -<==      Total: 1
2021-03-25 08:58:32 -Time : 2
2021-03-25 08:58:32 -Returning : com.bootdo.common.utils.PageUtils@3ebdab0c
2021-03-25 08:58:32 -Request URL : http://localhost:8088/main
2021-03-25 08:58:32 -HTTP METHOD : GET
2021-03-25 08:58:32 -CLASS_METHOD : com.bootdo.system.controller.LoginController.main
2021-03-25 08:58:32 -Parameter : []
2021-03-25 08:58:32 -Time : 0
2021-03-25 08:58:32 -Returning : main
2021-03-25 08:58:34 -Request URL : http://localhost:8088/
2021-03-25 08:58:34 -HTTP METHOD : GET
2021-03-25 08:58:34 -CLASS_METHOD : com.bootdo.system.controller.LoginController.welcome
2021-03-25 08:58:34 -Parameter : [{}]
2021-03-25 08:58:34 -Time : 0
2021-03-25 08:58:34 -Returning : redirect:/index
2021-03-25 08:58:34 -Request URL : http://localhost:8088/login;JSESSIONID=476f66a6-0686-4b11-b16e-4f0d44fc5b62
2021-03-25 08:58:34 -HTTP METHOD : GET
2021-03-25 08:58:34 -CLASS_METHOD : com.bootdo.system.controller.LoginController.login
2021-03-25 08:58:34 -Parameter : [{}]
2021-03-25 08:58:34 -Time : 0
2021-03-25 08:58:34 -Returning : login
2021-03-25 08:58:34 -Request URL : http://localhost:8088/getVerify
2021-03-25 08:58:34 -HTTP METHOD : GET
2021-03-25 08:58:34 -CLASS_METHOD : com.bootdo.system.controller.LoginController.getVerify
2021-03-25 08:58:34 -Parameter : [org.apache.shiro.web.servlet.ShiroHttpServletRequest@3dbccb0d, org.apache.shiro.web.servlet.ShiroHttpServletResponse@e27f0ef]
2021-03-25 08:58:34 -9356
2021-03-25 08:58:34 -Time : 12
2021-03-25 08:58:34 -Returning : null
2021-03-25 08:58:35 -Request URL : http://localhost:8088/login
2021-03-25 08:58:35 -HTTP METHOD : POST
2021-03-25 08:58:35 -CLASS_METHOD : com.bootdo.system.controller.LoginController.ajaxLogin
2021-03-25 08:58:35 -Parameter : [admin, 111111, , org.apache.shiro.web.servlet.ShiroHttpServletRequest@100ec06b]
2021-03-25 08:58:35 -Time : 0
2021-03-25 08:58:35 -Returning : {msg=Please enter verification code, code=500}
2021-03-25 08:58:35 -==>  Preparing: insert into sys_log ( `user_id`, `username`, `operation`, `time`, `method`, `params`, `ip`, `gmt_create` ) values ( ?, ?, ?, ?, ?, ?, ?, ? ) 
2021-03-25 08:58:35 -==> Parameters: -1(Long), Empty user information(String), Log in(String), 0(Integer), com.bootdo.system.controller.LoginController.ajaxLogin()(String), null, 127.0.0.1(String), 2021-03-25 08:58:35.196(Timestamp)
2021-03-25 08:58:35 -<==    Updates: 1
2021-03-25 08:58:37 -Request URL : http://localhost:8088/login
2021-03-25 08:58:37 -HTTP METHOD : POST
2021-03-25 08:58:37 -CLASS_METHOD : com.bootdo.system.controller.LoginController.ajaxLogin
2021-03-25 08:58:37 -Parameter : [admin, 111111, 9356, org.apache.shiro.web.servlet.ShiroHttpServletRequest@3a167fd5]
2021-03-25 08:58:37 -==>  Preparing: select `user_id`,`username`,`name`,`password`,`dept_id`,`email`,`mobile`,`status`,`user_id_create`,`gmt_create`,`gmt_modified`,`sex`,`birth`,`pic_id`,`live_address`,`hobby`,`province`,`city`,`district` from sys_user WHERE username = ? order by user_id desc 
2021-03-25 08:58:37 -==> Parameters: admin(String)
2021-03-25 08:58:37 -<==      Total: 1
2021-03-25 08:58:37 -Time : 2
2021-03-25 08:58:37 -Returning : {msg=Succeed, code=0}
2021-03-25 08:58:37 -==>  Preparing: insert into sys_log ( `user_id`, `username`, `operation`, `time`, `method`, `params`, `ip`, `gmt_create` ) values ( ?, ?, ?, ?, ?, ?, ?, ? ) 
2021-03-25 08:58:37 -==> Parameters: 1(Long), admin(String), Log in(String), 2(Integer), com.bootdo.system.controller.LoginController.ajaxLogin()(String), null, 127.0.0.1(String), 2021-03-25 08:58:37.902(Timestamp)
2021-03-25 08:58:37 -<==    Updates: 1
2021-03-25 08:58:37 -Request URL : http://localhost:8088/index
2021-03-25 08:58:37 -HTTP METHOD : GET
2021-03-25 08:58:37 -CLASS_METHOD : com.bootdo.system.controller.LoginController.index
2021-03-25 08:58:37 -Parameter : [{}]
2021-03-25 08:58:37 -==>  Preparing: select distinct m.menu_id , parent_id, name, url, perms,`type`,icon,order_num,gmt_create, gmt_modified from sys_menu m left join sys_role_menu rm on m.menu_id = rm.menu_id left join sys_user_role ur on rm.role_id =ur.role_id where ur.user_id = ? and m.type in(0,1) order by m.order_num 
2021-03-25 08:58:37 -==> Parameters: 1(Long)
2021-03-25 08:58:37 -<==      Total: 19
2021-03-25 08:58:37 -==>  Preparing: select `id`,`type`,`url`,`create_date` from sys_file where id = ? 
2021-03-25 08:58:37 -==> Parameters: 149(Long)
2021-03-25 08:58:37 -<==      Total: 1
2021-03-25 08:58:37 -Time : 5
2021-03-25 08:58:37 -Returning : index_v1
2021-03-25 08:58:37 -==>  Preparing: insert into sys_log ( `user_id`, `username`, `operation`, `time`, `method`, `params`, `ip`, `gmt_create` ) values ( ?, ?, ?, ?, ?, ?, ?, ? ) 
2021-03-25 08:58:37 -==> Parameters: 1(Long), admin(String), Request to visit the homepage(String), 5(Integer), com.bootdo.system.controller.LoginController.index()(String), null, 127.0.0.1(String), 2021-03-25 08:58:37.914(Timestamp)
2021-03-25 08:58:37 -<==    Updates: 1
2021-03-25 08:58:37 -Request URL : http://localhost:8088/main
2021-03-25 08:58:37 -HTTP METHOD : GET
2021-03-25 08:58:37 -CLASS_METHOD : com.bootdo.system.controller.LoginController.main
2021-03-25 08:58:37 -Parameter : []
2021-03-25 08:58:37 -Time : 0
2021-03-25 08:58:37 -Returning : main
2021-03-25 08:58:37 -Request URL : http://localhost:8088/oa/notify/message
2021-03-25 08:58:37 -HTTP METHOD : GET
2021-03-25 08:58:37 -CLASS_METHOD : com.bootdo.oaNotify.controller.NotifyController.message
2021-03-25 08:58:37 -Parameter : []
2021-03-25 08:58:37 -==>  Preparing: select DISTINCT n.id ,`type`,`title`,`content`,`files`,r.is_read,`status`,`create_by`,`create_date`,`update_by`,`update_date`,`remarks`,`del_flag` from oa_notify_record r right JOIN oa_notify n on r.notify_id = n.id WHERE r.is_read = ? and r.user_id = ? order by is_read ASC, update_date DESC limit ?, ? 
2021-03-25 08:58:37 -==> Parameters: 0(String), 1(Long), 0(Integer), 3(Integer)
2021-03-25 08:58:37 -<==      Total: 0
2021-03-25 08:58:37 -==>  Preparing: select count(*) from oa_notify_record r right JOIN oa_notify n on r.notify_id = n.id where r.user_id =? and r.is_read = ? 
2021-03-25 08:58:37 -==> Parameters: 1(Long), 0(String)
2021-03-25 08:58:37 -<==      Total: 1
2021-03-25 08:58:37 -Time : 2
2021-03-25 08:58:37 -Returning : com.bootdo.common.utils.PageUtils@13739531
2021-03-25 08:58:37 -Request URL : http://localhost:8088/main
2021-03-25 08:58:37 -HTTP METHOD : GET
2021-03-25 08:58:37 -CLASS_METHOD : com.bootdo.system.controller.LoginController.main
2021-03-25 08:58:37 -Parameter : []
2021-03-25 08:58:37 -Time : 0
2021-03-25 08:58:37 -Returning : main
2021-03-25 08:58:52 -==>  Preparing: select distinct m.perms from sys_menu m left join sys_role_menu rm on m.menu_id = rm.menu_id left join sys_user_role ur on rm.role_id = ur.role_id where ur.user_id = ? 
2021-03-25 08:58:52 -==> Parameters: 1(Long)
2021-03-25 08:58:52 -<==      Total: 44
2021-03-25 08:58:52 -Request URL : http://localhost:8088/oa/form
2021-03-25 08:58:52 -HTTP METHOD : GET
2021-03-25 08:58:52 -CLASS_METHOD : com.bootdo.oaForm.controller.FormController.oaForm
2021-03-25 08:58:52 -Parameter : []
2021-03-25 08:58:52 -Time : 0
2021-03-25 08:58:52 -Returning : oa/form/form
2021-03-25 08:58:52 -Request URL : http://localhost:8088/oa/form/list
2021-03-25 08:58:52 -HTTP METHOD : GET
2021-03-25 08:58:52 -CLASS_METHOD : com.bootdo.oaForm.controller.FormController.list
2021-03-25 08:58:52 -Parameter : [{limit=10, offset=0, name=}]
2021-03-25 08:58:52 -==>  Preparing: select id, wLastName, wFirstName, SIN, telephone, wAddress, wCity, wProvince, wPostal, job, birth, sex, monetLost, eName, eTelephone, eAddress, eCity, eProvince, ePostal,status, remarks, del_flag, doctor_name,doctor_address,doctor_city,doctor_province,doctor_code,user_id,is_version, is_color,is_hearing,is_body,is_limb,is_strength from oa_form order by id desc 
2021-03-25 08:58:52 -==> Parameters: 
2021-03-25 08:58:52 -<==      Total: 5
2021-03-25 08:58:52 -Time : 5
2021-03-25 08:58:52 -Returning : com.bootdo.common.utils.PageUtils@4c052cdc
2021-03-25 08:58:53 -Request URL : http://localhost:8088/oa/form/edit/36
2021-03-25 08:58:53 -HTTP METHOD : GET
2021-03-25 08:58:53 -CLASS_METHOD : com.bootdo.oaForm.controller.FormController.edit
2021-03-25 08:58:53 -Parameter : [36, {}]
2021-03-25 08:58:53 -==>  Preparing: select id, wLastName, wFirstName, SIN, telephone, wAddress, wCity, wProvince, wPostal, job, birth, sex, monetLost, eName, eTelephone, eAddress, eCity, eProvince, ePostal,status, remarks, del_flag, doctor_name,doctor_address,doctor_city,doctor_province,doctor_code,user_id,is_version, is_color,is_hearing,is_body,is_limb,is_strength from oa_form where id = ? 
2021-03-25 08:58:53 -==> Parameters: 36(Long)
2021-03-25 08:58:53 -<==      Total: 1
2021-03-25 08:58:53 -==>  Preparing: select * from oa_form_set where id=? 
2021-03-25 08:58:53 -==> Parameters: 1(Long)
2021-03-25 08:58:53 -<==      Total: 1
2021-03-25 08:58:53 -Time : 2
2021-03-25 08:58:53 -Returning : oa/form/edit
2021-03-25 08:58:53 -Request URL : http://localhost:8088/common/dict/list/oa_form_status
2021-03-25 08:58:53 -HTTP METHOD : GET
2021-03-25 08:58:53 -CLASS_METHOD : com.bootdo.common.controller.DictController.listByType
2021-03-25 08:58:53 -Parameter : [oa_form_status]
2021-03-25 08:58:53 -Request URL : http://localhost:8088/oa/doctor/getUserByPermission/oa:doctor:doctor
2021-03-25 08:58:53 -HTTP METHOD : GET
2021-03-25 08:58:53 -CLASS_METHOD : com.bootdo.oaForm.controller.DoctorController.getUserByPermission
2021-03-25 08:58:53 -Parameter : [oa:doctor:doctor]
2021-03-25 08:58:53 -==>  Preparing: select `id`,`name`,`value`,`type`,`description`,`sort`,`parent_id`,`create_by`,`create_date`,`update_by`,`update_date`,`remarks`,`del_flag` from sys_dict WHERE type = ? order by id desc 
2021-03-25 08:58:53 -==> Parameters: oa_form_status(String)
2021-03-25 08:58:53 -==>  Preparing: select `user_id`,`username`,`name`,`password`,`dept_id`,`email`,`mobile`,`status`,`user_id_create`,`gmt_create`,`gmt_modified`,`sex`,`birth`,`pic_id`,`live_address`,`hobby`,`province`,`city`,`district` from sys_user order by user_id desc 
2021-03-25 08:58:53 -==> Parameters: 
2021-03-25 08:58:53 -<==      Total: 2
2021-03-25 08:58:53 -Time : 2
2021-03-25 08:58:53 -Returning : [DictDO{id=147, name='decline', value='4', type='oa_form_status', description='status', sort=null, parentId=null, createBy=null, createDate=null, updateBy=null, updateDate=null, remarks=' ', delFlag='0'}, DictDO{id=146, name='approve', value='3', type='oa_form_status', description='status', sort=null, parentId=null, createBy=null, createDate=null, updateBy=null, updateDate=null, remarks=' ', delFlag='0'}]
2021-03-25 08:58:53 -<==      Total: 6
2021-03-25 08:58:53 -==>  Preparing: select distinct m.perms from sys_menu m left join sys_role_menu rm on m.menu_id = rm.menu_id left join sys_user_role ur on rm.role_id = ur.role_id where ur.user_id = ? 
2021-03-25 08:58:53 -==> Parameters: 146(Long)
2021-03-25 08:58:53 -<==      Total: 3
2021-03-25 08:58:53 -==>  Preparing: select distinct m.perms from sys_menu m left join sys_role_menu rm on m.menu_id = rm.menu_id left join sys_user_role ur on rm.role_id = ur.role_id where ur.user_id = ? 
2021-03-25 08:58:53 -==> Parameters: 145(Long)
2021-03-25 08:58:53 -<==      Total: 5
2021-03-25 08:58:53 -==>  Preparing: select distinct m.perms from sys_menu m left join sys_role_menu rm on m.menu_id = rm.menu_id left join sys_user_role ur on rm.role_id = ur.role_id where ur.user_id = ? 
2021-03-25 08:58:53 -==> Parameters: 143(Long)
2021-03-25 08:58:53 -<==      Total: 6
2021-03-25 08:58:53 -==>  Preparing: select distinct m.perms from sys_menu m left join sys_role_menu rm on m.menu_id = rm.menu_id left join sys_user_role ur on rm.role_id = ur.role_id where ur.user_id = ? 
2021-03-25 08:58:53 -==> Parameters: 140(Long)
2021-03-25 08:58:53 -<==      Total: 0
2021-03-25 08:58:53 -==>  Preparing: select distinct m.perms from sys_menu m left join sys_role_menu rm on m.menu_id = rm.menu_id left join sys_user_role ur on rm.role_id = ur.role_id where ur.user_id = ? 
2021-03-25 08:58:53 -==> Parameters: 139(Long)
2021-03-25 08:58:53 -<==      Total: 6
2021-03-25 08:58:53 -==>  Preparing: select distinct m.perms from sys_menu m left join sys_role_menu rm on m.menu_id = rm.menu_id left join sys_user_role ur on rm.role_id = ur.role_id where ur.user_id = ? 
2021-03-25 08:58:53 -==> Parameters: 1(Long)
2021-03-25 08:58:53 -<==      Total: 44
2021-03-25 08:58:53 -Time : 14
2021-03-25 08:58:53 -Returning : [UserDO{userId=146, username='doctor_lwb', name='doctor_lwb', password='bac762938532b12df2b031434ff6e14e', deptId=16, deptName='null', email='asgrrem98@gmail.com', mobile='null', status=1, userIdCreate=null, gmtCreate=null, gmtModified=null, roleIds=null, sex=null, birth=null, picId=null, liveAddress='null', hobby='null', province='null', city='null', district='null'}, UserDO{userId=1, username='admin', name='Super Admin', password='27bd386e70f280e24c2f4f2a549b82cf', deptId=6, deptName='null', email='asgrrem98@gmail.com', mobile='1122334455', status=1, userIdCreate=1, gmtCreate=Tue Aug 15 21:40:39 CST 2017, gmtModified=Tue Aug 15 21:41:00 CST 2017, roleIds=null, sex=96, birth=Thu Dec 14 00:00:00 CST 2017, picId=149, liveAddress='100 Tucker Park Rd', hobby='122;121;', province='New Brunswick', city='Saint John', district='E2K 4L4'}]
2021-03-25 08:58:59 -Request URL : http://localhost:8088/oa/form/updateByInsure
2021-03-25 08:58:59 -HTTP METHOD : POST
2021-03-25 08:58:59 -CLASS_METHOD : com.bootdo.oaForm.controller.FormController.updateByInsure
2021-03-25 08:58:59 -Parameter : [OaForm(id=36, wlastname=null, wfirstname=null, sin=null, telephone=2, waddress=null, wcity=null, wprovince=null, wpostal=null, job=1, birth=11, sex=1, monetlost=null, ename=null, etelephone=null, eaddress=null, ecity=null, eprovince=null, epostal=null, status=4, remarks=22, delFlag=null, doctor_name=null, doctor_address=2, doctor_city=2, doctor_province=2, doctor_code=2, user_id=null, is_use=null, is_version=1, is_color=1, is_hearing=1, is_body=1, is_limb=1, is_strength=0)]
2021-03-25 08:58:59 -==>  Preparing: update oa_form SET telephone = ?, job = ?, birth = ?, sex = ?, status = ?, remarks = ?, doctor_address=?, doctor_city=?, doctor_province= ?, doctor_code= ?, is_version= ?, is_color= ?, is_hearing= ?, is_body= ?, is_limb= ?, is_strength= ? where id = ? 
2021-03-25 08:58:59 -==> Parameters: 2(String), 1(String), 11(String), 1(Long), 4(Integer), 22(String), 2(String), 2(String), 2(String), 2(String), 1(Integer), 1(Integer), 1(Integer), 1(Integer), 1(Integer), 0(Integer), 36(Long)
2021-03-25 08:58:59 -<==    Updates: 1
2021-03-25 08:58:59 -==>  Preparing: select id, wLastName, wFirstName, SIN, telephone, wAddress, wCity, wProvince, wPostal, job, birth, sex, monetLost, eName, eTelephone, eAddress, eCity, eProvince, ePostal,status, remarks, del_flag, doctor_name,doctor_address,doctor_city,doctor_province,doctor_code,user_id,is_version, is_color,is_hearing,is_body,is_limb,is_strength from oa_form where id = ? 
2021-03-25 08:58:59 -==> Parameters: 36(Long)
2021-03-25 08:58:59 -<==      Total: 1
2021-03-25 08:58:59 -==>  Preparing: select role_id from sys_user_role where user_id=? 
2021-03-25 08:58:59 -==> Parameters: 1(Long)
2021-03-25 08:58:59 -<==      Total: 1
2021-03-25 08:58:59 -==>  Preparing: select `user_id`,`username`,`name`,`password`,`dept_id`,`email`,`mobile`,`status`,`user_id_create`,`gmt_create`,`gmt_modified`,`sex`,`birth`,`pic_id`,`live_address`,`hobby`,`province`,`city`,`district` from sys_user where user_id = ? 
2021-03-25 08:58:59 -==> Parameters: 1(Long)
2021-03-25 08:58:59 -<==      Total: 1
2021-03-25 08:59:00 -Time : 618
2021-03-25 08:59:00 -Returning : {msg=Succeed, code=0}
2021-03-25 08:59:00 -Request URL : http://localhost:8088/oa/form/list
2021-03-25 08:59:00 -HTTP METHOD : GET
2021-03-25 08:59:00 -CLASS_METHOD : com.bootdo.oaForm.controller.FormController.list
2021-03-25 08:59:00 -Parameter : [{limit=10, offset=0, name=}]
2021-03-25 08:59:00 -==>  Preparing: select id, wLastName, wFirstName, SIN, telephone, wAddress, wCity, wProvince, wPostal, job, birth, sex, monetLost, eName, eTelephone, eAddress, eCity, eProvince, ePostal,status, remarks, del_flag, doctor_name,doctor_address,doctor_city,doctor_province,doctor_code,user_id,is_version, is_color,is_hearing,is_body,is_limb,is_strength from oa_form order by id desc 
2021-03-25 08:59:00 -==> Parameters: 
2021-03-25 08:59:00 -<==      Total: 5
2021-03-25 08:59:00 -Time : 2
2021-03-25 08:59:00 -Returning : com.bootdo.common.utils.PageUtils@16c5cf6d
2021-03-25 09:05:35 -Closing org.springframework.boot.web.servlet.context.AnnotationConfigServletWebServerApplicationContext@4a335fa8: startup date [Thu Mar 25 08:55:45 CST 2021]; root of context hierarchy
2021-03-25 09:05:35 -Stopping beans in phase 2147483647
2021-03-25 09:05:35 -Scheduler schedulerFactoryBean_$_NON_CLUSTERED paused.
2021-03-25 09:05:35 -Stopping...
2021-03-25 09:05:35 -BrokerAvailabilityEvent[available=false, SimpleBrokerMessageHandler [DefaultSubscriptionRegistry[cache[0 destination(s)], registry[0 sessions]]]]
2021-03-25 09:05:35 -Stopped.
2021-03-25 09:05:35 -Unregistering JMX-exposed beans on shutdown
2021-03-25 09:05:35 -Unregistering JMX-exposed beans
2021-03-25 09:05:35 -Shutting down ExecutorService 'brokerChannelExecutor'
2021-03-25 09:05:35 -Shutting down ExecutorService 'messageBrokerTaskScheduler'
2021-03-25 09:05:35 -Shutting down ExecutorService 'clientOutboundChannelExecutor'
2021-03-25 09:05:35 -Shutting down ExecutorService 'clientInboundChannelExecutor'
2021-03-25 09:05:35 -Scheduler schedulerFactoryBean_$_NON_CLUSTERED shutting down.
2021-03-25 09:05:35 -Scheduler schedulerFactoryBean_$_NON_CLUSTERED paused.
2021-03-25 09:05:35 -Scheduler schedulerFactoryBean_$_NON_CLUSTERED shutdown complete.
2021-03-25 09:05:35 -Shutting down Quartz Scheduler
2021-03-25 09:05:35 -{dataSource-1} closed
2021-03-25 09:05:35 -Disabled session validation scheduler.
